{"/Users/user/Documents/Learn/Shopinizer/src/index.ts": {"path":"/Users/user/Documents/Learn/Shopinizer/src/index.ts","statementMap":{"0":{"start":{"line":1,"column":0},"end":{"line":1,"column":30}},"1":{"start":{"line":2,"column":0},"end":{"line":2,"column":39}},"2":{"start":{"line":3,"column":0},"end":{"line":3,"column":34}},"3":{"start":{"line":4,"column":0},"end":{"line":4,"column":37}},"4":{"start":{"line":5,"column":0},"end":{"line":5,"column":32}},"5":{"start":{"line":8,"column":13},"end":{"line":8,"column":17}},"6":{"start":{"line":11,"column":1},"end":{"line":27,"column":2}},"7":{"start":{"line":12,"column":2},"end":{"line":12,"column":18}},"8":{"start":{"line":14,"column":14},"end":{"line":14,"column":23}},"9":{"start":{"line":16,"column":2},"end":{"line":16,"column":29}},"10":{"start":{"line":17,"column":2},"end":{"line":17,"column":53}},"11":{"start":{"line":19,"column":2},"end":{"line":19,"column":29}},"12":{"start":{"line":20,"column":2},"end":{"line":20,"column":null}},"13":{"start":{"line":22,"column":2},"end":{"line":24,"column":5}},"14":{"start":{"line":23,"column":3},"end":{"line":23,"column":64}},"15":{"start":{"line":26,"column":2},"end":{"line":26,"column":21}},"16":{"start":{"line":30,"column":0},"end":{"line":30,"column":7}}},"fnMap":{"0":{"name":"init","decl":{"start":{"line":10,"column":15},"end":{"line":10,"column":19}},"loc":{"start":{"line":10,"column":19},"end":{"line":28,"column":null}}},"1":{"name":"(anonymous_10)","decl":{"start":{"line":22,"column":19},"end":{"line":22,"column":22}},"loc":{"start":{"line":22,"column":24},"end":{"line":24,"column":3}}}},"branchMap":{},"s":{"0":0,"1":0,"2":0,"3":0,"4":0,"5":0,"6":0,"7":0,"8":0,"9":0,"10":0,"11":0,"12":0,"13":0,"14":0,"15":0,"16":0},"f":{"0":0,"1":0},"b":{}}
,"/Users/user/Documents/Learn/Shopinizer/src/controllers/AuthController.ts": {"path":"/Users/user/Documents/Learn/Shopinizer/src/controllers/AuthController.ts","statementMap":{"0":{"start":{"line":3,"column":0},"end":{"line":3,"column":54}},"1":{"start":{"line":6,"column":0},"end":{"line":6,"column":27}},"2":{"start":{"line":7,"column":0},"end":{"line":7,"column":73}},"3":{"start":{"line":10,"column":23},"end":{"line":20,"column":2}},"4":{"start":{"line":22,"column":20},"end":{"line":25,"column":2}},"5":{"start":{"line":38,"column":0},"end":{"line":175,"column":2}},"6":{"start":{"line":49,"column":2},"end":{"line":63,"column":3}},"7":{"start":{"line":50,"column":31},"end":{"line":50,"column":39}},"8":{"start":{"line":51,"column":3},"end":{"line":51,"column":51}},"9":{"start":{"line":52,"column":17},"end":{"line":52,"column":49}},"10":{"start":{"line":53,"column":3},"end":{"line":56,"column":6}},"11":{"start":{"line":58,"column":15},"end":{"line":58,"column":29}},"12":{"start":{"line":59,"column":3},"end":{"line":62,"column":6}},"13":{"start":{"line":76,"column":2},"end":{"line":113,"column":3}},"14":{"start":{"line":84,"column":7},"end":{"line":84,"column":15}},"15":{"start":{"line":86,"column":3},"end":{"line":93,"column":6}},"16":{"start":{"line":95,"column":16},"end":{"line":101,"column":5}},"17":{"start":{"line":103,"column":3},"end":{"line":106,"column":6}},"18":{"start":{"line":108,"column":15},"end":{"line":108,"column":29}},"19":{"start":{"line":109,"column":3},"end":{"line":112,"column":6}},"20":{"start":{"line":123,"column":2},"end":{"line":143,"column":3}},"21":{"start":{"line":124,"column":14},"end":{"line":124,"column":26}},"22":{"start":{"line":125,"column":16},"end":{"line":125,"column":44}},"23":{"start":{"line":126,"column":3},"end":{"line":131,"column":4}},"24":{"start":{"line":127,"column":4},"end":{"line":130,"column":7}},"25":{"start":{"line":133,"column":3},"end":{"line":136,"column":6}},"26":{"start":{"line":138,"column":15},"end":{"line":138,"column":29}},"27":{"start":{"line":139,"column":3},"end":{"line":142,"column":6}},"28":{"start":{"line":157,"column":2},"end":{"line":173,"column":3}},"29":{"start":{"line":158,"column":14},"end":{"line":158,"column":26}},"30":{"start":{"line":159,"column":18},"end":{"line":161,"column":null}},"31":{"start":{"line":163,"column":3},"end":{"line":166,"column":6}},"32":{"start":{"line":168,"column":15},"end":{"line":168,"column":29}},"33":{"start":{"line":169,"column":3},"end":{"line":172,"column":6}},"34":{"start":{"line":176,"column":0},"end":{"line":176,"column":3}}},"fnMap":{"0":{"name":"(anonymous_14)","decl":{"start":{"line":39,"column":7},"end":{"line":39,"column":12}},"loc":{"start":{"line":39,"column":46},"end":{"line":64,"column":null}}},"1":{"name":"(anonymous_16)","decl":{"start":{"line":66,"column":7},"end":{"line":66,"column":15}},"loc":{"start":{"line":66,"column":52},"end":{"line":114,"column":null}}},"2":{"name":"(anonymous_18)","decl":{"start":{"line":116,"column":7},"end":{"line":116,"column":9}},"loc":{"start":{"line":116,"column":46},"end":{"line":144,"column":null}}},"3":{"name":"(anonymous_20)","decl":{"start":{"line":145,"column":7},"end":{"line":145,"column":20}},"loc":{"start":{"line":145,"column":57},"end":{"line":174,"column":null}}}},"branchMap":{"0":{"loc":{"start":{"line":124,"column":14},"end":{"line":124,"column":26}},"type":"cond-expr","locations":[{"start":{"line":124,"column":22},"end":{"line":124,"column":24}},{"start":{"line":124,"column":22},"end":{"line":124,"column":26}}]},"1":{"loc":{"start":{"line":124,"column":14},"end":{"line":124,"column":24}},"type":"binary-expr","locations":[{"start":{"line":124,"column":14},"end":{"line":124,"column":24}},{"start":{"line":124,"column":22},"end":{"line":124,"column":24}}]},"2":{"loc":{"start":{"line":126,"column":3},"end":{"line":131,"column":4}},"type":"if","locations":[{"start":{"line":126,"column":3},"end":{"line":131,"column":4}}]},"3":{"loc":{"start":{"line":158,"column":14},"end":{"line":158,"column":26}},"type":"cond-expr","locations":[{"start":{"line":158,"column":22},"end":{"line":158,"column":24}},{"start":{"line":158,"column":22},"end":{"line":158,"column":26}}]},"4":{"loc":{"start":{"line":158,"column":14},"end":{"line":158,"column":24}},"type":"binary-expr","locations":[{"start":{"line":158,"column":14},"end":{"line":158,"column":24}},{"start":{"line":158,"column":22},"end":{"line":158,"column":24}}]}},"s":{"0":0,"1":0,"2":0,"3":0,"4":0,"5":0,"6":0,"7":0,"8":0,"9":0,"10":0,"11":0,"12":0,"13":0,"14":0,"15":0,"16":0,"17":0,"18":0,"19":0,"20":0,"21":0,"22":0,"23":0,"24":0,"25":0,"26":0,"27":0,"28":0,"29":0,"30":0,"31":0,"32":0,"33":0,"34":0},"f":{"0":0,"1":0,"2":0,"3":0},"b":{"0":[0,0],"1":[0,0],"2":[0],"3":[0,0],"4":[0,0]}}
,"/Users/user/Documents/Learn/Shopinizer/src/controllers/CategoriesController.ts": {"path":"/Users/user/Documents/Learn/Shopinizer/src/controllers/CategoriesController.ts","statementMap":{"0":{"start":{"line":2,"column":0},"end":{"line":2,"column":null}},"1":{"start":{"line":11,"column":0},"end":{"line":120,"column":2}},"2":{"start":{"line":14,"column":4},"end":{"line":26,"column":5}},"3":{"start":{"line":15,"column":21},"end":{"line":15,"column":43}},"4":{"start":{"line":16,"column":6},"end":{"line":19,"column":9}},"5":{"start":{"line":21,"column":18},"end":{"line":21,"column":32}},"6":{"start":{"line":22,"column":6},"end":{"line":25,"column":9}},"7":{"start":{"line":30,"column":4},"end":{"line":58,"column":5}},"8":{"start":{"line":35,"column":10},"end":{"line":35,"column":50}},"9":{"start":{"line":37,"column":20},"end":{"line":37,"column":22}},"10":{"start":{"line":39,"column":6},"end":{"line":43,"column":7}},"11":{"start":{"line":40,"column":8},"end":{"line":42,"column":11}},"12":{"start":{"line":45,"column":21},"end":{"line":45,"column":54}},"13":{"start":{"line":47,"column":6},"end":{"line":50,"column":9}},"14":{"start":{"line":53,"column":18},"end":{"line":53,"column":32}},"15":{"start":{"line":54,"column":6},"end":{"line":57,"column":9}},"16":{"start":{"line":62,"column":4},"end":{"line":82,"column":5}},"17":{"start":{"line":63,"column":21},"end":{"line":63,"column":50}},"18":{"start":{"line":65,"column":6},"end":{"line":69,"column":7}},"19":{"start":{"line":66,"column":8},"end":{"line":68,"column":11}},"20":{"start":{"line":71,"column":6},"end":{"line":74,"column":9}},"21":{"start":{"line":77,"column":18},"end":{"line":77,"column":32}},"22":{"start":{"line":78,"column":6},"end":{"line":81,"column":9}},"23":{"start":{"line":86,"column":4},"end":{"line":100,"column":5}},"24":{"start":{"line":87,"column":21},"end":{"line":87,"column":59}},"25":{"start":{"line":89,"column":6},"end":{"line":92,"column":9}},"26":{"start":{"line":95,"column":18},"end":{"line":95,"column":32}},"27":{"start":{"line":96,"column":6},"end":{"line":99,"column":9}},"28":{"start":{"line":104,"column":4},"end":{"line":118,"column":5}},"29":{"start":{"line":105,"column":21},"end":{"line":105,"column":49}},"30":{"start":{"line":107,"column":6},"end":{"line":110,"column":9}},"31":{"start":{"line":113,"column":18},"end":{"line":113,"column":32}},"32":{"start":{"line":114,"column":6},"end":{"line":117,"column":9}}},"fnMap":{"0":{"name":"(anonymous_7)","decl":{"start":{"line":13,"column":8},"end":{"line":13,"column":14}},"loc":{"start":{"line":13,"column":42},"end":{"line":27,"column":null}}},"1":{"name":"(anonymous_9)","decl":{"start":{"line":29,"column":8},"end":{"line":29,"column":15}},"loc":{"start":{"line":29,"column":43},"end":{"line":59,"column":null}}},"2":{"name":"(anonymous_11)","decl":{"start":{"line":61,"column":8},"end":{"line":61,"column":15}},"loc":{"start":{"line":61,"column":43},"end":{"line":83,"column":null}}},"3":{"name":"(anonymous_13)","decl":{"start":{"line":85,"column":8},"end":{"line":85,"column":14}},"loc":{"start":{"line":85,"column":42},"end":{"line":101,"column":null}}},"4":{"name":"(anonymous_15)","decl":{"start":{"line":103,"column":8},"end":{"line":103,"column":14}},"loc":{"start":{"line":103,"column":42},"end":{"line":119,"column":null}}}},"branchMap":{"0":{"loc":{"start":{"line":32,"column":8},"end":{"line":32,"column":18}},"type":"default-arg","locations":[{"start":{"line":32,"column":16},"end":{"line":32,"column":18}}]},"1":{"loc":{"start":{"line":33,"column":8},"end":{"line":33,"column":16}},"type":"default-arg","locations":[{"start":{"line":33,"column":15},"end":{"line":33,"column":16}}]},"2":{"loc":{"start":{"line":39,"column":6},"end":{"line":43,"column":7}},"type":"if","locations":[{"start":{"line":39,"column":6},"end":{"line":43,"column":7}}]},"3":{"loc":{"start":{"line":63,"column":35},"end":{"line":63,"column":49}},"type":"cond-expr","locations":[{"start":{"line":63,"column":45},"end":{"line":63,"column":47}},{"start":{"line":63,"column":45},"end":{"line":63,"column":49}}]},"4":{"loc":{"start":{"line":63,"column":35},"end":{"line":63,"column":47}},"type":"binary-expr","locations":[{"start":{"line":63,"column":35},"end":{"line":63,"column":47}},{"start":{"line":63,"column":45},"end":{"line":63,"column":47}}]},"5":{"loc":{"start":{"line":65,"column":6},"end":{"line":69,"column":7}},"type":"if","locations":[{"start":{"line":65,"column":6},"end":{"line":69,"column":7}}]},"6":{"loc":{"start":{"line":87,"column":34},"end":{"line":87,"column":48}},"type":"cond-expr","locations":[{"start":{"line":87,"column":44},"end":{"line":87,"column":46}},{"start":{"line":87,"column":44},"end":{"line":87,"column":48}}]},"7":{"loc":{"start":{"line":87,"column":34},"end":{"line":87,"column":46}},"type":"binary-expr","locations":[{"start":{"line":87,"column":34},"end":{"line":87,"column":46}},{"start":{"line":87,"column":44},"end":{"line":87,"column":46}}]},"8":{"loc":{"start":{"line":105,"column":34},"end":{"line":105,"column":48}},"type":"cond-expr","locations":[{"start":{"line":105,"column":44},"end":{"line":105,"column":46}},{"start":{"line":105,"column":44},"end":{"line":105,"column":48}}]},"9":{"loc":{"start":{"line":105,"column":34},"end":{"line":105,"column":46}},"type":"binary-expr","locations":[{"start":{"line":105,"column":34},"end":{"line":105,"column":46}},{"start":{"line":105,"column":44},"end":{"line":105,"column":46}}]}},"s":{"0":0,"1":0,"2":0,"3":0,"4":0,"5":0,"6":0,"7":0,"8":0,"9":0,"10":0,"11":0,"12":0,"13":0,"14":0,"15":0,"16":0,"17":0,"18":0,"19":0,"20":0,"21":0,"22":0,"23":0,"24":0,"25":0,"26":0,"27":0,"28":0,"29":0,"30":0,"31":0,"32":0},"f":{"0":0,"1":0,"2":0,"3":0,"4":0},"b":{"0":[0],"1":[0],"2":[0],"3":[0,0],"4":[0,0],"5":[0],"6":[0,0],"7":[0,0],"8":[0,0],"9":[0,0]}}
,"/Users/user/Documents/Learn/Shopinizer/src/controllers/OrderController.ts": {"path":"/Users/user/Documents/Learn/Shopinizer/src/controllers/OrderController.ts","statementMap":{"0":{"start":{"line":3,"column":0},"end":{"line":3,"column":null}},"1":{"start":{"line":11,"column":0},"end":{"line":11,"column":27}},"2":{"start":{"line":13,"column":0},"end":{"line":117,"column":2}},"3":{"start":{"line":15,"column":2},"end":{"line":29,"column":3}},"4":{"start":{"line":16,"column":22},"end":{"line":16,"column":46}},"5":{"start":{"line":17,"column":26},"end":{"line":17,"column":34}},"6":{"start":{"line":18,"column":18},"end":{"line":18,"column":53}},"7":{"start":{"line":19,"column":3},"end":{"line":22,"column":6}},"8":{"start":{"line":24,"column":15},"end":{"line":24,"column":29}},"9":{"start":{"line":25,"column":3},"end":{"line":28,"column":6}},"10":{"start":{"line":33,"column":2},"end":{"line":58,"column":3}},"11":{"start":{"line":38,"column":7},"end":{"line":38,"column":47}},"12":{"start":{"line":40,"column":17},"end":{"line":40,"column":19}},"13":{"start":{"line":42,"column":3},"end":{"line":46,"column":4}},"14":{"start":{"line":43,"column":4},"end":{"line":45,"column":7}},"15":{"start":{"line":47,"column":18},"end":{"line":47,"column":51}},"16":{"start":{"line":48,"column":3},"end":{"line":51,"column":6}},"17":{"start":{"line":53,"column":15},"end":{"line":53,"column":29}},"18":{"start":{"line":54,"column":3},"end":{"line":57,"column":6}},"19":{"start":{"line":62,"column":2},"end":{"line":81,"column":3}},"20":{"start":{"line":63,"column":19},"end":{"line":63,"column":43}},"21":{"start":{"line":68,"column":7},"end":{"line":68,"column":47}},"22":{"start":{"line":70,"column":18},"end":{"line":70,"column":58}},"23":{"start":{"line":71,"column":3},"end":{"line":74,"column":6}},"24":{"start":{"line":76,"column":15},"end":{"line":76,"column":29}},"25":{"start":{"line":77,"column":3},"end":{"line":80,"column":6}},"26":{"start":{"line":85,"column":2},"end":{"line":98,"column":3}},"27":{"start":{"line":86,"column":18},"end":{"line":86,"column":47}},"28":{"start":{"line":88,"column":3},"end":{"line":91,"column":6}},"29":{"start":{"line":93,"column":15},"end":{"line":93,"column":29}},"30":{"start":{"line":94,"column":3},"end":{"line":97,"column":6}},"31":{"start":{"line":102,"column":2},"end":{"line":115,"column":3}},"32":{"start":{"line":103,"column":18},"end":{"line":103,"column":46}},"33":{"start":{"line":105,"column":3},"end":{"line":108,"column":6}},"34":{"start":{"line":110,"column":15},"end":{"line":110,"column":29}},"35":{"start":{"line":111,"column":3},"end":{"line":114,"column":6}},"36":{"start":{"line":120,"column":31},"end":{"line":127,"column":2}}},"fnMap":{"0":{"name":"(anonymous_13)","decl":{"start":{"line":14,"column":7},"end":{"line":14,"column":13}},"loc":{"start":{"line":14,"column":41},"end":{"line":30,"column":null}}},"1":{"name":"(anonymous_15)","decl":{"start":{"line":32,"column":7},"end":{"line":32,"column":14}},"loc":{"start":{"line":32,"column":42},"end":{"line":59,"column":null}}},"2":{"name":"(anonymous_17)","decl":{"start":{"line":61,"column":7},"end":{"line":61,"column":20}},"loc":{"start":{"line":61,"column":48},"end":{"line":82,"column":null}}},"3":{"name":"(anonymous_19)","decl":{"start":{"line":84,"column":7},"end":{"line":84,"column":14}},"loc":{"start":{"line":84,"column":42},"end":{"line":99,"column":null}}},"4":{"name":"(anonymous_21)","decl":{"start":{"line":101,"column":7},"end":{"line":101,"column":13}},"loc":{"start":{"line":101,"column":41},"end":{"line":116,"column":null}}}},"branchMap":{"0":{"loc":{"start":{"line":35,"column":4},"end":{"line":35,"column":14}},"type":"default-arg","locations":[{"start":{"line":35,"column":12},"end":{"line":35,"column":14}}]},"1":{"loc":{"start":{"line":36,"column":4},"end":{"line":36,"column":12}},"type":"default-arg","locations":[{"start":{"line":36,"column":11},"end":{"line":36,"column":12}}]},"2":{"loc":{"start":{"line":42,"column":3},"end":{"line":46,"column":4}},"type":"if","locations":[{"start":{"line":42,"column":3},"end":{"line":46,"column":4}}]},"3":{"loc":{"start":{"line":65,"column":4},"end":{"line":65,"column":14}},"type":"default-arg","locations":[{"start":{"line":65,"column":12},"end":{"line":65,"column":14}}]},"4":{"loc":{"start":{"line":66,"column":4},"end":{"line":66,"column":12}},"type":"default-arg","locations":[{"start":{"line":66,"column":11},"end":{"line":66,"column":12}}]},"5":{"loc":{"start":{"line":86,"column":32},"end":{"line":86,"column":46}},"type":"cond-expr","locations":[{"start":{"line":86,"column":42},"end":{"line":86,"column":44}},{"start":{"line":86,"column":42},"end":{"line":86,"column":46}}]},"6":{"loc":{"start":{"line":86,"column":32},"end":{"line":86,"column":44}},"type":"binary-expr","locations":[{"start":{"line":86,"column":32},"end":{"line":86,"column":44}},{"start":{"line":86,"column":42},"end":{"line":86,"column":44}}]},"7":{"loc":{"start":{"line":103,"column":31},"end":{"line":103,"column":45}},"type":"cond-expr","locations":[{"start":{"line":103,"column":41},"end":{"line":103,"column":43}},{"start":{"line":103,"column":41},"end":{"line":103,"column":45}}]},"8":{"loc":{"start":{"line":103,"column":31},"end":{"line":103,"column":43}},"type":"binary-expr","locations":[{"start":{"line":103,"column":31},"end":{"line":103,"column":43}},{"start":{"line":103,"column":41},"end":{"line":103,"column":43}}]}},"s":{"0":0,"1":0,"2":0,"3":0,"4":0,"5":0,"6":0,"7":0,"8":0,"9":0,"10":0,"11":0,"12":0,"13":0,"14":0,"15":0,"16":0,"17":0,"18":0,"19":0,"20":0,"21":0,"22":0,"23":0,"24":0,"25":0,"26":0,"27":0,"28":0,"29":0,"30":0,"31":0,"32":0,"33":0,"34":0,"35":0,"36":0},"f":{"0":0,"1":0,"2":0,"3":0,"4":0},"b":{"0":[0],"1":[0],"2":[0],"3":[0],"4":[0],"5":[0,0],"6":[0,0],"7":[0,0],"8":[0,0]}}
,"/Users/user/Documents/Learn/Shopinizer/src/controllers/ProductsController.ts": {"path":"/Users/user/Documents/Learn/Shopinizer/src/controllers/ProductsController.ts","statementMap":{"0":{"start":{"line":3,"column":0},"end":{"line":3,"column":null}},"1":{"start":{"line":11,"column":0},"end":{"line":11,"column":27}},"2":{"start":{"line":13,"column":0},"end":{"line":148,"column":null}},"3":{"start":{"line":29,"column":4},"end":{"line":42,"column":5}},"4":{"start":{"line":30,"column":6},"end":{"line":30,"column":54}},"5":{"start":{"line":31,"column":21},"end":{"line":31,"column":43}},"6":{"start":{"line":32,"column":6},"end":{"line":35,"column":9}},"7":{"start":{"line":37,"column":18},"end":{"line":37,"column":32}},"8":{"start":{"line":38,"column":6},"end":{"line":41,"column":9}},"9":{"start":{"line":49,"column":4},"end":{"line":74,"column":5}},"10":{"start":{"line":54,"column":10},"end":{"line":54,"column":50}},"11":{"start":{"line":56,"column":20},"end":{"line":56,"column":22}},"12":{"start":{"line":58,"column":6},"end":{"line":62,"column":7}},"13":{"start":{"line":59,"column":8},"end":{"line":61,"column":11}},"14":{"start":{"line":63,"column":21},"end":{"line":63,"column":54}},"15":{"start":{"line":64,"column":6},"end":{"line":67,"column":9}},"16":{"start":{"line":69,"column":18},"end":{"line":69,"column":32}},"17":{"start":{"line":70,"column":6},"end":{"line":73,"column":9}},"18":{"start":{"line":81,"column":4},"end":{"line":94,"column":5}},"19":{"start":{"line":82,"column":21},"end":{"line":82,"column":50}},"20":{"start":{"line":84,"column":6},"end":{"line":87,"column":9}},"21":{"start":{"line":89,"column":18},"end":{"line":89,"column":32}},"22":{"start":{"line":90,"column":6},"end":{"line":93,"column":9}},"23":{"start":{"line":110,"column":4},"end":{"line":123,"column":5}},"24":{"start":{"line":111,"column":21},"end":{"line":111,"column":59}},"25":{"start":{"line":113,"column":6},"end":{"line":116,"column":9}},"26":{"start":{"line":118,"column":18},"end":{"line":118,"column":32}},"27":{"start":{"line":119,"column":6},"end":{"line":122,"column":9}},"28":{"start":{"line":133,"column":4},"end":{"line":146,"column":5}},"29":{"start":{"line":134,"column":21},"end":{"line":134,"column":49}},"30":{"start":{"line":136,"column":6},"end":{"line":139,"column":9}},"31":{"start":{"line":141,"column":18},"end":{"line":141,"column":32}},"32":{"start":{"line":142,"column":6},"end":{"line":145,"column":9}},"33":{"start":{"line":150,"column":31},"end":{"line":157,"column":2}}},"fnMap":{"0":{"name":"(anonymous_13)","decl":{"start":{"line":15,"column":8},"end":{"line":15,"column":14}},"loc":{"start":{"line":15,"column":42},"end":{"line":43,"column":null}}},"1":{"name":"(anonymous_15)","decl":{"start":{"line":45,"column":8},"end":{"line":45,"column":15}},"loc":{"start":{"line":45,"column":43},"end":{"line":75,"column":null}}},"2":{"name":"(anonymous_17)","decl":{"start":{"line":77,"column":8},"end":{"line":77,"column":15}},"loc":{"start":{"line":77,"column":43},"end":{"line":95,"column":null}}},"3":{"name":"(anonymous_19)","decl":{"start":{"line":97,"column":8},"end":{"line":97,"column":14}},"loc":{"start":{"line":97,"column":42},"end":{"line":124,"column":null}}},"4":{"name":"(anonymous_21)","decl":{"start":{"line":126,"column":8},"end":{"line":126,"column":14}},"loc":{"start":{"line":126,"column":42},"end":{"line":147,"column":null}}}},"branchMap":{"0":{"loc":{"start":{"line":51,"column":8},"end":{"line":51,"column":18}},"type":"default-arg","locations":[{"start":{"line":51,"column":16},"end":{"line":51,"column":18}}]},"1":{"loc":{"start":{"line":52,"column":8},"end":{"line":52,"column":16}},"type":"default-arg","locations":[{"start":{"line":52,"column":15},"end":{"line":52,"column":16}}]},"2":{"loc":{"start":{"line":58,"column":6},"end":{"line":62,"column":7}},"type":"if","locations":[{"start":{"line":58,"column":6},"end":{"line":62,"column":7}}]},"3":{"loc":{"start":{"line":82,"column":35},"end":{"line":82,"column":49}},"type":"cond-expr","locations":[{"start":{"line":82,"column":45},"end":{"line":82,"column":47}},{"start":{"line":82,"column":45},"end":{"line":82,"column":49}}]},"4":{"loc":{"start":{"line":82,"column":35},"end":{"line":82,"column":47}},"type":"binary-expr","locations":[{"start":{"line":82,"column":35},"end":{"line":82,"column":47}},{"start":{"line":82,"column":45},"end":{"line":82,"column":47}}]},"5":{"loc":{"start":{"line":111,"column":34},"end":{"line":111,"column":48}},"type":"cond-expr","locations":[{"start":{"line":111,"column":44},"end":{"line":111,"column":46}},{"start":{"line":111,"column":44},"end":{"line":111,"column":48}}]},"6":{"loc":{"start":{"line":111,"column":34},"end":{"line":111,"column":46}},"type":"binary-expr","locations":[{"start":{"line":111,"column":34},"end":{"line":111,"column":46}},{"start":{"line":111,"column":44},"end":{"line":111,"column":46}}]},"7":{"loc":{"start":{"line":134,"column":34},"end":{"line":134,"column":48}},"type":"cond-expr","locations":[{"start":{"line":134,"column":44},"end":{"line":134,"column":46}},{"start":{"line":134,"column":44},"end":{"line":134,"column":48}}]},"8":{"loc":{"start":{"line":134,"column":34},"end":{"line":134,"column":46}},"type":"binary-expr","locations":[{"start":{"line":134,"column":34},"end":{"line":134,"column":46}},{"start":{"line":134,"column":44},"end":{"line":134,"column":46}}]}},"s":{"0":0,"1":0,"2":0,"3":0,"4":0,"5":0,"6":0,"7":0,"8":0,"9":0,"10":0,"11":0,"12":0,"13":0,"14":0,"15":0,"16":0,"17":0,"18":0,"19":0,"20":0,"21":0,"22":0,"23":0,"24":0,"25":0,"26":0,"27":0,"28":0,"29":0,"30":0,"31":0,"32":0,"33":0},"f":{"0":0,"1":0,"2":0,"3":0,"4":0},"b":{"0":[0],"1":[0],"2":[0],"3":[0,0],"4":[0,0],"5":[0,0],"6":[0,0],"7":[0,0],"8":[0,0]}}
,"/Users/user/Documents/Learn/Shopinizer/src/controllers/UploadController.ts": {"path":"/Users/user/Documents/Learn/Shopinizer/src/controllers/UploadController.ts","statementMap":{"0":{"start":{"line":2,"column":0},"end":{"line":2,"column":44}},"1":{"start":{"line":3,"column":0},"end":{"line":3,"column":51}},"2":{"start":{"line":5,"column":0},"end":{"line":101,"column":2}},"3":{"start":{"line":31,"column":4},"end":{"line":36,"column":5}},"4":{"start":{"line":32,"column":6},"end":{"line":35,"column":9}},"5":{"start":{"line":37,"column":20},"end":{"line":37,"column":39}},"6":{"start":{"line":39,"column":4},"end":{"line":47,"column":5}},"7":{"start":{"line":40,"column":21},"end":{"line":40,"column":48}},"8":{"start":{"line":41,"column":6},"end":{"line":41,"column":71}},"9":{"start":{"line":43,"column":19},"end":{"line":43,"column":33}},"10":{"start":{"line":44,"column":6},"end":{"line":46,"column":71}},"11":{"start":{"line":76,"column":4},"end":{"line":81,"column":5}},"12":{"start":{"line":77,"column":6},"end":{"line":80,"column":9}},"13":{"start":{"line":82,"column":18},"end":{"line":82,"column":52}},"14":{"start":{"line":84,"column":21},"end":{"line":86,"column":24}},"15":{"start":{"line":85,"column":43},"end":{"line":85,"column":58}},"16":{"start":{"line":88,"column":4},"end":{"line":96,"column":5}},"17":{"start":{"line":89,"column":22},"end":{"line":89,"column":49}},"18":{"start":{"line":90,"column":6},"end":{"line":90,"column":73}},"19":{"start":{"line":92,"column":19},"end":{"line":92,"column":33}},"20":{"start":{"line":93,"column":6},"end":{"line":95,"column":72}},"21":{"start":{"line":98,"column":4},"end":{"line":98,"column":69}}},"fnMap":{"0":{"name":"(anonymous_7)","decl":{"start":{"line":7,"column":8},"end":{"line":7,"column":14}},"loc":{"start":{"line":7,"column":42},"end":{"line":48,"column":null}}},"1":{"name":"(anonymous_9)","decl":{"start":{"line":50,"column":8},"end":{"line":50,"column":16}},"loc":{"start":{"line":50,"column":44},"end":{"line":99,"column":null}}},"2":{"name":"(anonymous_11)","decl":{"start":{"line":85,"column":12},"end":{"line":85,"column":13}},"loc":{"start":{"line":85,"column":43},"end":{"line":85,"column":58}}}},"branchMap":{"0":{"loc":{"start":{"line":31,"column":4},"end":{"line":36,"column":5}},"type":"if","locations":[{"start":{"line":31,"column":4},"end":{"line":36,"column":5}}]},"1":{"loc":{"start":{"line":31,"column":8},"end":{"line":31,"column":17}},"type":"cond-expr","locations":[{"start":{"line":31,"column":11},"end":{"line":31,"column":13}},{"start":{"line":31,"column":8},"end":{"line":31,"column":17}}]},"2":{"loc":{"start":{"line":31,"column":8},"end":{"line":31,"column":13}},"type":"binary-expr","locations":[{"start":{"line":31,"column":8},"end":{"line":31,"column":13}},{"start":{"line":31,"column":8},"end":{"line":31,"column":13}}]},"3":{"loc":{"start":{"line":76,"column":4},"end":{"line":81,"column":5}},"type":"if","locations":[{"start":{"line":76,"column":4},"end":{"line":81,"column":5}}]},"4":{"loc":{"start":{"line":76,"column":8},"end":{"line":76,"column":58}},"type":"binary-expr","locations":[{"start":{"line":76,"column":8},"end":{"line":76,"column":31}},{"start":{"line":76,"column":35},"end":{"line":76,"column":58}}]},"5":{"loc":{"start":{"line":76,"column":35},"end":{"line":76,"column":52}},"type":"cond-expr","locations":[{"start":{"line":76,"column":44},"end":{"line":76,"column":46}},{"start":{"line":76,"column":44},"end":{"line":76,"column":52}}]},"6":{"loc":{"start":{"line":76,"column":35},"end":{"line":76,"column":46}},"type":"binary-expr","locations":[{"start":{"line":76,"column":35},"end":{"line":76,"column":46}},{"start":{"line":76,"column":44},"end":{"line":76,"column":46}}]},"7":{"loc":{"start":{"line":84,"column":21},"end":{"line":86,"column":24}},"type":"cond-expr","locations":[{"start":{"line":84,"column":26},"end":{"line":84,"column":null}},{"start":{"line":84,"column":21},"end":{"line":86,"column":24}}]},"8":{"loc":{"start":{"line":84,"column":21},"end":{"line":84,"column":null}},"type":"binary-expr","locations":[{"start":{"line":84,"column":21},"end":{"line":84,"column":null}},{"start":{"line":84,"column":21},"end":{"line":84,"column":null}}]}},"s":{"0":0,"1":0,"2":0,"3":0,"4":0,"5":0,"6":0,"7":0,"8":0,"9":0,"10":0,"11":0,"12":0,"13":0,"14":0,"15":0,"16":0,"17":0,"18":0,"19":0,"20":0,"21":0},"f":{"0":0,"1":0,"2":0},"b":{"0":[0],"1":[0,0],"2":[0,0],"3":[0],"4":[0,0],"5":[0,0],"6":[0,0],"7":[0,0],"8":[0,0]}}
,"/Users/user/Documents/Learn/Shopinizer/src/docs/route.ts": {"path":"/Users/user/Documents/Learn/Shopinizer/src/docs/route.ts","statementMap":{"0":{"start":{"line":2,"column":0},"end":{"line":2,"column":43}},"1":{"start":{"line":3,"column":0},"end":{"line":3,"column":50}},"2":{"start":{"line":4,"column":0},"end":{"line":4,"column":20}},"3":{"start":{"line":5,"column":0},"end":{"line":5,"column":24}},"4":{"start":{"line":8,"column":16},"end":{"line":13,"column":null}},"5":{"start":{"line":16,"column":4},"end":{"line":22,"column":6}},"6":{"start":{"line":7,"column":0},"end":{"line":7,"column":24}}},"fnMap":{"0":{"name":"docs","decl":{"start":{"line":7,"column":24},"end":{"line":7,"column":28}},"loc":{"start":{"line":7,"column":41},"end":{"line":23,"column":1}}}},"branchMap":{},"s":{"0":0,"1":0,"2":0,"3":0,"4":0,"5":0,"6":0},"f":{"0":0},"b":{}}
,"/Users/user/Documents/Learn/Shopinizer/src/docs/swagger.ts": {"path":"/Users/user/Documents/Learn/Shopinizer/src/docs/swagger.ts","statementMap":{"0":{"start":{"line":1,"column":0},"end":{"line":1,"column":45}},"1":{"start":{"line":3,"column":12},"end":{"line":43,"column":4}},"2":{"start":{"line":45,"column":19},"end":{"line":45,"column":42}},"3":{"start":{"line":46,"column":23},"end":{"line":46,"column":43}},"4":{"start":{"line":48,"column":0},"end":{"line":48,"column":70}}},"fnMap":{},"branchMap":{},"s":{"0":0,"1":0,"2":0,"3":0,"4":0},"f":{},"b":{}}
,"/Users/user/Documents/Learn/Shopinizer/src/middlewares/AuthMiddleware.ts": {"path":"/Users/user/Documents/Learn/Shopinizer/src/middlewares/AuthMiddleware.ts","statementMap":{"0":{"start":{"line":2,"column":0},"end":{"line":2,"column":55}},"1":{"start":{"line":8,"column":0},"end":{"line":39,"column":2}},"2":{"start":{"line":9,"column":23},"end":{"line":9,"column":49}},"3":{"start":{"line":11,"column":1},"end":{"line":16,"column":2}},"4":{"start":{"line":12,"column":2},"end":{"line":15,"column":5}},"5":{"start":{"line":18,"column":25},"end":{"line":18,"column":49}},"6":{"start":{"line":20,"column":1},"end":{"line":25,"column":2}},"7":{"start":{"line":21,"column":2},"end":{"line":24,"column":5}},"8":{"start":{"line":27,"column":14},"end":{"line":27,"column":32}},"9":{"start":{"line":29,"column":1},"end":{"line":34,"column":2}},"10":{"start":{"line":30,"column":2},"end":{"line":33,"column":5}},"11":{"start":{"line":36,"column":2},"end":{"line":36,"column":39}},"12":{"start":{"line":38,"column":1},"end":{"line":38,"column":8}}},"fnMap":{"0":{"name":"(anonymous_0)","decl":{"start":{"line":8,"column":15},"end":{"line":8,"column":16}},"loc":{"start":{"line":8,"column":67},"end":{"line":39,"column":1}}}},"branchMap":{"0":{"loc":{"start":{"line":9,"column":23},"end":{"line":9,"column":49}},"type":"cond-expr","locations":[{"start":{"line":9,"column":34},"end":{"line":9,"column":36}},{"start":{"line":9,"column":34},"end":{"line":9,"column":49}}]},"1":{"loc":{"start":{"line":9,"column":23},"end":{"line":9,"column":36}},"type":"binary-expr","locations":[{"start":{"line":9,"column":23},"end":{"line":9,"column":36}},{"start":{"line":9,"column":34},"end":{"line":9,"column":36}}]},"2":{"loc":{"start":{"line":11,"column":1},"end":{"line":16,"column":2}},"type":"if","locations":[{"start":{"line":11,"column":1},"end":{"line":16,"column":2}}]},"3":{"loc":{"start":{"line":20,"column":1},"end":{"line":25,"column":2}},"type":"if","locations":[{"start":{"line":20,"column":1},"end":{"line":25,"column":2}}]},"4":{"loc":{"start":{"line":20,"column":7},"end":{"line":20,"column":35}},"type":"binary-expr","locations":[{"start":{"line":20,"column":7},"end":{"line":20,"column":26}},{"start":{"line":20,"column":30},"end":{"line":20,"column":35}}]},"5":{"loc":{"start":{"line":29,"column":1},"end":{"line":34,"column":2}},"type":"if","locations":[{"start":{"line":29,"column":1},"end":{"line":34,"column":2}}]}},"s":{"0":0,"1":0,"2":0,"3":0,"4":0,"5":0,"6":0,"7":0,"8":0,"9":0,"10":0,"11":0,"12":0},"f":{"0":0},"b":{"0":[0,0],"1":[0,0],"2":[0],"3":[0],"4":[0,0],"5":[0]}}
,"/Users/user/Documents/Learn/Shopinizer/src/middlewares/RbacMiddleware.ts": {"path":"/Users/user/Documents/Learn/Shopinizer/src/middlewares/RbacMiddleware.ts","statementMap":{"0":{"start":{"line":4,"column":0},"end":{"line":18,"column":3}},"1":{"start":{"line":5,"column":1},"end":{"line":18,"column":2}},"2":{"start":{"line":6,"column":20},"end":{"line":6,"column":35}},"3":{"start":{"line":7,"column":2},"end":{"line":7,"column":24}},"4":{"start":{"line":8,"column":2},"end":{"line":15,"column":3}},"5":{"start":{"line":10,"column":33},"end":{"line":10,"column":57}},"6":{"start":{"line":12,"column":3},"end":{"line":14,"column":6}},"7":{"start":{"line":17,"column":2},"end":{"line":17,"column":9}}},"fnMap":{"0":{"name":"(anonymous_0)","decl":{"start":{"line":4,"column":15},"end":{"line":4,"column":16}},"loc":{"start":{"line":5,"column":1},"end":{"line":18,"column":2}}},"1":{"name":"(anonymous_1)","decl":{"start":{"line":5,"column":1},"end":{"line":5,"column":2}},"loc":{"start":{"line":5,"column":62},"end":{"line":18,"column":2}}},"2":{"name":"(anonymous_2)","decl":{"start":{"line":10,"column":19},"end":{"line":10,"column":20}},"loc":{"start":{"line":10,"column":33},"end":{"line":10,"column":57}}}},"branchMap":{"0":{"loc":{"start":{"line":6,"column":20},"end":{"line":6,"column":35}},"type":"cond-expr","locations":[{"start":{"line":6,"column":28},"end":{"line":6,"column":30}},{"start":{"line":6,"column":28},"end":{"line":6,"column":35}}]},"1":{"loc":{"start":{"line":6,"column":20},"end":{"line":6,"column":30}},"type":"binary-expr","locations":[{"start":{"line":6,"column":20},"end":{"line":6,"column":30}},{"start":{"line":6,"column":28},"end":{"line":6,"column":30}}]},"2":{"loc":{"start":{"line":8,"column":2},"end":{"line":15,"column":3}},"type":"if","locations":[{"start":{"line":8,"column":2},"end":{"line":15,"column":3}}]},"3":{"loc":{"start":{"line":9,"column":3},"end":{"line":10,"column":58}},"type":"binary-expr","locations":[{"start":{"line":9,"column":3},"end":{"line":9,"column":13}},{"start":{"line":10,"column":3},"end":{"line":10,"column":58}}]}},"s":{"0":0,"1":0,"2":0,"3":0,"4":0,"5":0,"6":0,"7":0},"f":{"0":0,"1":0,"2":0},"b":{"0":[0,0],"1":[0,0],"2":[0],"3":[0,0]}}
,"/Users/user/Documents/Learn/Shopinizer/src/middlewares/Upload.ts": {"path":"/Users/user/Documents/Learn/Shopinizer/src/middlewares/Upload.ts","statementMap":{"0":{"start":{"line":1,"column":0},"end":{"line":1,"column":28}},"1":{"start":{"line":3,"column":16},"end":{"line":3,"column":38}},"2":{"start":{"line":5,"column":15},"end":{"line":10,"column":2}},"3":{"start":{"line":12,"column":13},"end":{"line":12,"column":44}},"4":{"start":{"line":13,"column":13},"end":{"line":13,"column":50}},"5":{"start":{"line":15,"column":0},"end":{"line":18,"column":2}}},"fnMap":{},"branchMap":{},"s":{"0":0,"1":0,"2":0,"3":0,"4":0,"5":0},"f":{},"b":{}}
,"/Users/user/Documents/Learn/Shopinizer/src/models/CategoriesModel.ts": {"path":"/Users/user/Documents/Learn/Shopinizer/src/models/CategoriesModel.ts","statementMap":{"0":{"start":{"line":1,"column":0},"end":{"line":1,"column":43}},"1":{"start":{"line":11,"column":15},"end":{"line":11,"column":30}},"2":{"start":{"line":13,"column":25},"end":{"line":26,"column":null}},"3":{"start":{"line":29,"column":24},"end":{"line":29,"column":70}},"4":{"start":{"line":31,"column":0},"end":{"line":31,"column":31}}},"fnMap":{},"branchMap":{},"s":{"0":1,"1":1,"2":1,"3":1,"4":1},"f":{},"b":{}}
,"/Users/user/Documents/Learn/Shopinizer/src/models/OrderModel.ts": {"path":"/Users/user/Documents/Learn/Shopinizer/src/models/OrderModel.ts","statementMap":{"0":{"start":{"line":1,"column":1},"end":{"line":1,"column":44}},"1":{"start":{"line":2,"column":1},"end":{"line":2,"column":37}},"2":{"start":{"line":3,"column":1},"end":{"line":3,"column":34}},"3":{"start":{"line":22,"column":16},"end":{"line":22,"column":31}},"4":{"start":{"line":23,"column":21},"end":{"line":23,"column":43}},"5":{"start":{"line":25,"column":22},"end":{"line":66,"column":null}},"6":{"start":{"line":69,"column":1},"end":{"line":93,"column":6}},"7":{"start":{"line":70,"column":16},"end":{"line":70,"column":19}},"8":{"start":{"line":71,"column":15},"end":{"line":71,"column":56}},"9":{"start":{"line":73,"column":2},"end":{"line":75,"column":3}},"10":{"start":{"line":74,"column":4},"end":{"line":74,"column":65}},"11":{"start":{"line":77,"column":18},"end":{"line":84,"column":4}},"12":{"start":{"line":86,"column":2},"end":{"line":90,"column":5}},"13":{"start":{"line":92,"column":2},"end":{"line":92,"column":9}},"14":{"start":{"line":96,"column":21},"end":{"line":96,"column":58}},"15":{"start":{"line":98,"column":1},"end":{"line":98,"column":null}}},"fnMap":{"0":{"name":"(anonymous_8)","decl":{"start":{"line":69,"column":27},"end":{"line":69,"column":43}},"loc":{"start":{"line":69,"column":52},"end":{"line":93,"column":5}}}},"branchMap":{"0":{"loc":{"start":{"line":73,"column":2},"end":{"line":75,"column":3}},"type":"if","locations":[{"start":{"line":73,"column":2},"end":{"line":75,"column":3}}]},"1":{"loc":{"start":{"line":78,"column":18},"end":{"line":78,"column":32}},"type":"cond-expr","locations":[{"start":{"line":78,"column":22},"end":{"line":78,"column":24}},{"start":{"line":78,"column":18},"end":{"line":78,"column":32}}]},"2":{"loc":{"start":{"line":78,"column":18},"end":{"line":78,"column":24}},"type":"binary-expr","locations":[{"start":{"line":78,"column":18},"end":{"line":78,"column":24}},{"start":{"line":78,"column":18},"end":{"line":78,"column":24}}]}},"s":{"0":1,"1":1,"2":1,"3":1,"4":1,"5":1,"6":1,"7":0,"8":0,"9":0,"10":0,"11":0,"12":0,"13":0,"14":1,"15":1},"f":{"0":0},"b":{"0":[0],"1":[0,0],"2":[0,0]}}
,"/Users/user/Documents/Learn/Shopinizer/src/models/ProductsModel.ts": {"path":"/Users/user/Documents/Learn/Shopinizer/src/models/ProductsModel.ts","statementMap":{"0":{"start":{"line":1,"column":0},"end":{"line":1,"column":43}},"1":{"start":{"line":16,"column":15},"end":{"line":16,"column":30}},"2":{"start":{"line":18,"column":23},"end":{"line":52,"column":null}},"3":{"start":{"line":55,"column":0},"end":{"line":63,"column":3}},"4":{"start":{"line":56,"column":17},"end":{"line":56,"column":21}},"5":{"start":{"line":58,"column":1},"end":{"line":60,"column":2}},"6":{"start":{"line":59,"column":2},"end":{"line":59,"column":65}},"7":{"start":{"line":62,"column":1},"end":{"line":62,"column":8}},"8":{"start":{"line":65,"column":22},"end":{"line":65,"column":64}},"9":{"start":{"line":67,"column":0},"end":{"line":67,"column":29}}},"fnMap":{"0":{"name":"(anonymous_1)","decl":{"start":{"line":55,"column":27},"end":{"line":55,"column":37}},"loc":{"start":{"line":55,"column":41},"end":{"line":63,"column":1}}}},"branchMap":{"0":{"loc":{"start":{"line":58,"column":1},"end":{"line":60,"column":2}},"type":"if","locations":[{"start":{"line":58,"column":1},"end":{"line":60,"column":2}}]}},"s":{"0":2,"1":2,"2":2,"3":2,"4":0,"5":0,"6":0,"7":0,"8":2,"9":2},"f":{"0":0},"b":{"0":[0]}}
,"/Users/user/Documents/Learn/Shopinizer/src/models/UserModel.ts": {"path":"/Users/user/Documents/Learn/Shopinizer/src/models/UserModel.ts","statementMap":{"0":{"start":{"line":1,"column":0},"end":{"line":1,"column":32}},"1":{"start":{"line":2,"column":0},"end":{"line":2,"column":46}},"2":{"start":{"line":14,"column":15},"end":{"line":14,"column":30}},"3":{"start":{"line":16,"column":19},"end":{"line":48,"column":null}},"4":{"start":{"line":51,"column":0},"end":{"line":55,"column":3}},"5":{"start":{"line":52,"column":14},"end":{"line":52,"column":18}},"6":{"start":{"line":53,"column":1},"end":{"line":53,"column":40}},"7":{"start":{"line":54,"column":1},"end":{"line":54,"column":8}},"8":{"start":{"line":57,"column":0},"end":{"line":61,"column":3}},"9":{"start":{"line":58,"column":15},"end":{"line":58,"column":67}},"10":{"start":{"line":59,"column":1},"end":{"line":59,"column":40}},"11":{"start":{"line":60,"column":1},"end":{"line":60,"column":8}},"12":{"start":{"line":63,"column":0},"end":{"line":67,"column":2}},"13":{"start":{"line":64,"column":14},"end":{"line":64,"column":29}},"14":{"start":{"line":65,"column":1},"end":{"line":65,"column":22}},"15":{"start":{"line":66,"column":1},"end":{"line":66,"column":13}},"16":{"start":{"line":69,"column":18},"end":{"line":69,"column":52}},"17":{"start":{"line":71,"column":0},"end":{"line":71,"column":25}}},"fnMap":{"0":{"name":"(anonymous_8)","decl":{"start":{"line":51,"column":23},"end":{"line":51,"column":33}},"loc":{"start":{"line":51,"column":37},"end":{"line":55,"column":1}}},"1":{"name":"(anonymous_9)","decl":{"start":{"line":57,"column":28},"end":{"line":57,"column":44}},"loc":{"start":{"line":57,"column":48},"end":{"line":61,"column":2}}},"2":{"name":"(anonymous_11)","decl":{"start":{"line":63,"column":28},"end":{"line":63,"column":null}},"loc":{"start":{"line":63,"column":28},"end":{"line":67,"column":1}}}},"branchMap":{},"s":{"0":2,"1":2,"2":2,"3":2,"4":2,"5":0,"6":0,"7":0,"8":2,"9":0,"10":0,"11":0,"12":2,"13":0,"14":0,"15":0,"16":2,"17":2},"f":{"0":0,"1":0,"2":0},"b":{}}
,"/Users/user/Documents/Learn/Shopinizer/src/routes/api.ts": {"path":"/Users/user/Documents/Learn/Shopinizer/src/routes/api.ts","statementMap":{"0":{"start":{"line":1,"column":0},"end":{"line":1,"column":30}},"1":{"start":{"line":3,"column":0},"end":{"line":3,"column":53}},"2":{"start":{"line":4,"column":0},"end":{"line":4,"column":63}},"3":{"start":{"line":5,"column":0},"end":{"line":5,"column":67}},"4":{"start":{"line":6,"column":0},"end":{"line":6,"column":71}},"5":{"start":{"line":7,"column":0},"end":{"line":7,"column":61}},"6":{"start":{"line":9,"column":0},"end":{"line":9,"column":59}},"7":{"start":{"line":10,"column":0},"end":{"line":10,"column":59}},"8":{"start":{"line":11,"column":0},"end":{"line":11,"column":59}},"9":{"start":{"line":13,"column":15},"end":{"line":13,"column":31}},"10":{"start":{"line":15,"column":0},"end":{"line":15,"column":48}},"11":{"start":{"line":16,"column":0},"end":{"line":16,"column":55}},"12":{"start":{"line":17,"column":0},"end":{"line":17,"column":88}},"13":{"start":{"line":18,"column":0},"end":{"line":18,"column":81}},"14":{"start":{"line":20,"column":0},"end":{"line":20,"column":56}},"15":{"start":{"line":21,"column":0},"end":{"line":21,"column":56}},"16":{"start":{"line":22,"column":0},"end":{"line":22,"column":60}},"17":{"start":{"line":23,"column":0},"end":{"line":23,"column":59}},"18":{"start":{"line":24,"column":0},"end":{"line":24,"column":62}},"19":{"start":{"line":26,"column":0},"end":{"line":26,"column":52}},"20":{"start":{"line":27,"column":0},"end":{"line":27,"column":52}},"21":{"start":{"line":28,"column":0},"end":{"line":28,"column":56}},"22":{"start":{"line":29,"column":0},"end":{"line":29,"column":55}},"23":{"start":{"line":30,"column":0},"end":{"line":30,"column":58}},"24":{"start":{"line":32,"column":0},"end":{"line":32,"column":65}},"25":{"start":{"line":33,"column":0},"end":{"line":33,"column":64}},"26":{"start":{"line":34,"column":0},"end":{"line":34,"column":76}},"27":{"start":{"line":35,"column":0},"end":{"line":35,"column":68}},"28":{"start":{"line":36,"column":0},"end":{"line":36,"column":66}},"29":{"start":{"line":38,"column":0},"end":{"line":38,"column":73}},"30":{"start":{"line":39,"column":0},"end":{"line":39,"column":78}},"31":{"start":{"line":41,"column":0},"end":{"line":41,"column":22}}},"fnMap":{},"branchMap":{},"s":{"0":0,"1":0,"2":0,"3":0,"4":0,"5":0,"6":0,"7":0,"8":0,"9":0,"10":0,"11":0,"12":0,"13":0,"14":0,"15":0,"16":0,"17":0,"18":0,"19":0,"20":0,"21":0,"22":0,"23":0,"24":0,"25":0,"26":0,"27":0,"28":0,"29":0,"30":0,"31":0},"f":{},"b":{}}
,"/Users/user/Documents/Learn/Shopinizer/src/services/AuthService.ts": {"path":"/Users/user/Documents/Learn/Shopinizer/src/services/AuthService.ts","statementMap":{"0":{"start":{"line":2,"column":0},"end":{"line":2,"column":54}},"1":{"start":{"line":3,"column":0},"end":{"line":3,"column":45}},"2":{"start":{"line":4,"column":0},"end":{"line":4,"column":46}},"3":{"start":{"line":11,"column":21},"end":{"line":33,"column":2}},"4":{"start":{"line":11,"column":71},"end":{"line":33,"column":2}},"5":{"start":{"line":12,"column":29},"end":{"line":12,"column":36}},"6":{"start":{"line":13,"column":21},"end":{"line":15,"column":3}},"7":{"start":{"line":17,"column":1},"end":{"line":19,"column":2}},"8":{"start":{"line":18,"column":2},"end":{"line":18,"column":60}},"9":{"start":{"line":21,"column":2},"end":{"line":21,"column":44}},"10":{"start":{"line":23,"column":1},"end":{"line":25,"column":2}},"11":{"start":{"line":24,"column":2},"end":{"line":24,"column":63}},"12":{"start":{"line":27,"column":15},"end":{"line":30,"column":3}},"13":{"start":{"line":32,"column":1},"end":{"line":32,"column":14}},"14":{"start":{"line":11,"column":13},"end":{"line":11,"column":21}},"15":{"start":{"line":42,"column":24},"end":{"line":53,"column":2}},"16":{"start":{"line":42,"column":75},"end":{"line":53,"column":2}},"17":{"start":{"line":43,"column":56},"end":{"line":43,"column":63}},"18":{"start":{"line":44,"column":14},"end":{"line":50,"column":3}},"19":{"start":{"line":52,"column":1},"end":{"line":52,"column":13}},"20":{"start":{"line":42,"column":13},"end":{"line":42,"column":24}},"21":{"start":{"line":55,"column":18},"end":{"line":61,"column":2}},"22":{"start":{"line":55,"column":58},"end":{"line":61,"column":2}},"23":{"start":{"line":56,"column":14},"end":{"line":56,"column":46}},"24":{"start":{"line":57,"column":1},"end":{"line":59,"column":2}},"25":{"start":{"line":58,"column":2},"end":{"line":58,"column":53}},"26":{"start":{"line":60,"column":1},"end":{"line":60,"column":13}},"27":{"start":{"line":55,"column":13},"end":{"line":55,"column":18}},"28":{"start":{"line":62,"column":29},"end":{"line":76,"column":2}},"29":{"start":{"line":62,"column":78},"end":{"line":76,"column":2}},"30":{"start":{"line":63,"column":16},"end":{"line":70,"column":null}},"31":{"start":{"line":72,"column":1},"end":{"line":74,"column":2}},"32":{"start":{"line":73,"column":2},"end":{"line":73,"column":57}},"33":{"start":{"line":75,"column":1},"end":{"line":75,"column":15}},"34":{"start":{"line":62,"column":13},"end":{"line":62,"column":29}}},"fnMap":{"0":{"name":"(anonymous_8)","decl":{"start":{"line":11,"column":21},"end":{"line":11,"column":28}},"loc":{"start":{"line":11,"column":71},"end":{"line":33,"column":2}}},"1":{"name":"(anonymous_9)","decl":{"start":{"line":11,"column":71},"end":{"line":11,"column":null}},"loc":{"start":{"line":11,"column":71},"end":{"line":33,"column":1}}},"2":{"name":"(anonymous_10)","decl":{"start":{"line":42,"column":24},"end":{"line":42,"column":31}},"loc":{"start":{"line":42,"column":75},"end":{"line":53,"column":2}}},"3":{"name":"(anonymous_11)","decl":{"start":{"line":42,"column":75},"end":{"line":42,"column":null}},"loc":{"start":{"line":42,"column":75},"end":{"line":53,"column":1}}},"4":{"name":"(anonymous_12)","decl":{"start":{"line":55,"column":18},"end":{"line":55,"column":25}},"loc":{"start":{"line":55,"column":58},"end":{"line":61,"column":2}}},"5":{"name":"(anonymous_13)","decl":{"start":{"line":55,"column":58},"end":{"line":55,"column":null}},"loc":{"start":{"line":55,"column":58},"end":{"line":61,"column":1}}},"6":{"name":"(anonymous_14)","decl":{"start":{"line":62,"column":29},"end":{"line":62,"column":36}},"loc":{"start":{"line":62,"column":78},"end":{"line":76,"column":2}}},"7":{"name":"(anonymous_15)","decl":{"start":{"line":62,"column":78},"end":{"line":62,"column":null}},"loc":{"start":{"line":62,"column":78},"end":{"line":76,"column":1}}}},"branchMap":{"0":{"loc":{"start":{"line":17,"column":1},"end":{"line":19,"column":2}},"type":"if","locations":[{"start":{"line":17,"column":1},"end":{"line":19,"column":2}}]},"1":{"loc":{"start":{"line":23,"column":1},"end":{"line":25,"column":2}},"type":"if","locations":[{"start":{"line":23,"column":1},"end":{"line":25,"column":2}}]},"2":{"loc":{"start":{"line":57,"column":1},"end":{"line":59,"column":2}},"type":"if","locations":[{"start":{"line":57,"column":1},"end":{"line":59,"column":2}}]},"3":{"loc":{"start":{"line":72,"column":1},"end":{"line":74,"column":2}},"type":"if","locations":[{"start":{"line":72,"column":1},"end":{"line":74,"column":2}}]}},"s":{"0":0,"1":0,"2":0,"3":0,"4":0,"5":0,"6":0,"7":0,"8":0,"9":0,"10":0,"11":0,"12":0,"13":0,"14":0,"15":0,"16":0,"17":0,"18":0,"19":0,"20":0,"21":0,"22":0,"23":0,"24":0,"25":0,"26":0,"27":0,"28":0,"29":0,"30":0,"31":0,"32":0,"33":0,"34":0},"f":{"0":0,"1":0,"2":0,"3":0,"4":0,"5":0,"6":0,"7":0},"b":{"0":[0],"1":[0],"2":[0],"3":[0]}}
,"/Users/user/Documents/Learn/Shopinizer/src/services/CategoriesService.ts": {"path":"/Users/user/Documents/Learn/Shopinizer/src/services/CategoriesService.ts","statementMap":{"0":{"start":{"line":1,"column":0},"end":{"line":1,"column":69}},"1":{"start":{"line":3,"column":15},"end":{"line":6,"column":2}},"2":{"start":{"line":3,"column":62},"end":{"line":6,"column":2}},"3":{"start":{"line":4,"column":19},"end":{"line":4,"column":56}},"4":{"start":{"line":5,"column":4},"end":{"line":5,"column":18}},"5":{"start":{"line":32,"column":4},"end":{"line":32,"column":10}},"6":{"start":{"line":8,"column":16},"end":{"line":14,"column":null}},"7":{"start":{"line":8,"column":96},"end":{"line":14,"column":null}},"8":{"start":{"line":9,"column":19},"end":{"line":12,"column":32}},"9":{"start":{"line":13,"column":4},"end":{"line":13,"column":18}},"10":{"start":{"line":33,"column":4},"end":{"line":33,"column":11}},"11":{"start":{"line":16,"column":16},"end":{"line":19,"column":null}},"12":{"start":{"line":16,"column":63},"end":{"line":19,"column":null}},"13":{"start":{"line":17,"column":19},"end":{"line":17,"column":53}},"14":{"start":{"line":18,"column":4},"end":{"line":18,"column":18}},"15":{"start":{"line":34,"column":4},"end":{"line":34,"column":11}},"16":{"start":{"line":21,"column":15},"end":{"line":24,"column":null}},"17":{"start":{"line":21,"column":81},"end":{"line":24,"column":null}},"18":{"start":{"line":22,"column":19},"end":{"line":22,"column":91}},"19":{"start":{"line":23,"column":4},"end":{"line":23,"column":18}},"20":{"start":{"line":35,"column":4},"end":{"line":35,"column":10}},"21":{"start":{"line":26,"column":15},"end":{"line":29,"column":null}},"22":{"start":{"line":26,"column":62},"end":{"line":29,"column":null}},"23":{"start":{"line":27,"column":19},"end":{"line":27,"column":68}},"24":{"start":{"line":28,"column":4},"end":{"line":28,"column":18}},"25":{"start":{"line":36,"column":4},"end":{"line":36,"column":10}}},"fnMap":{"0":{"name":"(anonymous_8)","decl":{"start":{"line":3,"column":15},"end":{"line":3,"column":22}},"loc":{"start":{"line":3,"column":62},"end":{"line":6,"column":2}}},"1":{"name":"(anonymous_9)","decl":{"start":{"line":3,"column":62},"end":{"line":3,"column":null}},"loc":{"start":{"line":3,"column":62},"end":{"line":6,"column":1}}},"2":{"name":"(anonymous_10)","decl":{"start":{"line":8,"column":16},"end":{"line":8,"column":23}},"loc":{"start":{"line":8,"column":96},"end":{"line":14,"column":null}}},"3":{"name":"(anonymous_11)","decl":{"start":{"line":8,"column":96},"end":{"line":8,"column":null}},"loc":{"start":{"line":8,"column":71},"end":{"line":14,"column":1}}},"4":{"name":"(anonymous_12)","decl":{"start":{"line":16,"column":16},"end":{"line":16,"column":23}},"loc":{"start":{"line":16,"column":63},"end":{"line":19,"column":null}}},"5":{"name":"(anonymous_13)","decl":{"start":{"line":16,"column":63},"end":{"line":16,"column":null}},"loc":{"start":{"line":16,"column":63},"end":{"line":19,"column":1}}},"6":{"name":"(anonymous_14)","decl":{"start":{"line":21,"column":15},"end":{"line":21,"column":22}},"loc":{"start":{"line":21,"column":81},"end":{"line":24,"column":null}}},"7":{"name":"(anonymous_15)","decl":{"start":{"line":21,"column":81},"end":{"line":21,"column":null}},"loc":{"start":{"line":21,"column":81},"end":{"line":24,"column":1}}},"8":{"name":"(anonymous_16)","decl":{"start":{"line":26,"column":15},"end":{"line":26,"column":22}},"loc":{"start":{"line":26,"column":62},"end":{"line":29,"column":null}}},"9":{"name":"(anonymous_17)","decl":{"start":{"line":26,"column":62},"end":{"line":26,"column":null}},"loc":{"start":{"line":26,"column":62},"end":{"line":29,"column":1}}}},"branchMap":{"0":{"loc":{"start":{"line":8,"column":35},"end":{"line":8,"column":53}},"type":"default-arg","locations":[{"start":{"line":8,"column":51},"end":{"line":8,"column":53}}]},"1":{"loc":{"start":{"line":8,"column":55},"end":{"line":8,"column":71}},"type":"default-arg","locations":[{"start":{"line":8,"column":70},"end":{"line":8,"column":71}}]}},"s":{"0":1,"1":1,"2":1,"3":1,"4":1,"5":1,"6":1,"7":1,"8":1,"9":1,"10":1,"11":1,"12":1,"13":1,"14":1,"15":1,"16":1,"17":1,"18":1,"19":1,"20":1,"21":1,"22":1,"23":1,"24":1,"25":1},"f":{"0":1,"1":1,"2":1,"3":1,"4":1,"5":1,"6":1,"7":1,"8":1,"9":1},"b":{"0":[1],"1":[1]}}
,"/Users/user/Documents/Learn/Shopinizer/src/services/OrderService.ts": {"path":"/Users/user/Documents/Learn/Shopinizer/src/services/OrderService.ts","statementMap":{"0":{"start":{"line":3,"column":0},"end":{"line":3,"column":80}},"1":{"start":{"line":4,"column":0},"end":{"line":4,"column":44}},"2":{"start":{"line":5,"column":0},"end":{"line":5,"column":52}},"3":{"start":{"line":13,"column":27},"end":{"line":41,"column":2}},"4":{"start":{"line":13,"column":94},"end":{"line":41,"column":2}},"5":{"start":{"line":14,"column":14},"end":{"line":14,"column":46}},"6":{"start":{"line":16,"column":1},"end":{"line":18,"column":5}},"7":{"start":{"line":17,"column":8},"end":{"line":17,"column":45}},"8":{"start":{"line":20,"column":1},"end":{"line":22,"column":2}},"9":{"start":{"line":21,"column":2},"end":{"line":21,"column":50}},"10":{"start":{"line":24,"column":24},"end":{"line":28,"column":6}},"11":{"start":{"line":30,"column":1},"end":{"line":32,"column":2}},"12":{"start":{"line":31,"column":2},"end":{"line":31,"column":55}},"13":{"start":{"line":34,"column":17},"end":{"line":39,"column":6}},"14":{"start":{"line":40,"column":1},"end":{"line":40,"column":16}},"15":{"start":{"line":43,"column":22},"end":{"line":45,"column":1}},"16":{"start":{"line":44,"column":1},"end":{"line":44,"column":null}},"17":{"start":{"line":44,"column":46},"end":{"line":44,"column":81}},"18":{"start":{"line":47,"column":15},"end":{"line":72,"column":2}},"19":{"start":{"line":47,"column":65},"end":{"line":72,"column":2}},"20":{"start":{"line":48,"column":26},"end":{"line":48,"column":28}},"21":{"start":{"line":50,"column":1},"end":{"line":59,"column":5}},"22":{"start":{"line":51,"column":21},"end":{"line":51,"column":71}},"23":{"start":{"line":52,"column":20},"end":{"line":57,"column":4}},"24":{"start":{"line":58,"column":2},"end":{"line":58,"column":24}},"25":{"start":{"line":61,"column":20},"end":{"line":61,"column":40}},"26":{"start":{"line":63,"column":22},"end":{"line":68,"column":null}},"27":{"start":{"line":70,"column":16},"end":{"line":70,"column":53}},"28":{"start":{"line":71,"column":1},"end":{"line":71,"column":15}},"29":{"start":{"line":114,"column":19},"end":{"line":114,"column":25}},"30":{"start":{"line":74,"column":16},"end":{"line":84,"column":2}},"31":{"start":{"line":78,"column":22},"end":{"line":84,"column":2}},"32":{"start":{"line":79,"column":16},"end":{"line":82,"column":26}},"33":{"start":{"line":83,"column":1},"end":{"line":83,"column":15}},"34":{"start":{"line":114,"column":27},"end":{"line":114,"column":34}},"35":{"start":{"line":87,"column":22},"end":{"line":100,"column":2}},"36":{"start":{"line":91,"column":22},"end":{"line":100,"column":2}},"37":{"start":{"line":93,"column":20},"end":{"line":93,"column":59}},"38":{"start":{"line":95,"column":16},"end":{"line":98,"column":26}},"39":{"start":{"line":99,"column":1},"end":{"line":99,"column":15}},"40":{"start":{"line":114,"column":36},"end":{"line":114,"column":49}},"41":{"start":{"line":102,"column":16},"end":{"line":105,"column":2}},"42":{"start":{"line":102,"column":60},"end":{"line":105,"column":2}},"43":{"start":{"line":103,"column":16},"end":{"line":103,"column":45}},"44":{"start":{"line":104,"column":1},"end":{"line":104,"column":15}},"45":{"start":{"line":114,"column":51},"end":{"line":114,"column":58}},"46":{"start":{"line":107,"column":15},"end":{"line":112,"column":2}},"47":{"start":{"line":107,"column":59},"end":{"line":112,"column":2}},"48":{"start":{"line":108,"column":16},"end":{"line":110,"column":3}},"49":{"start":{"line":111,"column":1},"end":{"line":111,"column":15}},"50":{"start":{"line":114,"column":60},"end":{"line":114,"column":66}}},"fnMap":{"0":{"name":"(anonymous_8)","decl":{"start":{"line":13,"column":27},"end":{"line":13,"column":34}},"loc":{"start":{"line":13,"column":94},"end":{"line":41,"column":2}}},"1":{"name":"(anonymous_9)","decl":{"start":{"line":13,"column":94},"end":{"line":13,"column":null}},"loc":{"start":{"line":13,"column":94},"end":{"line":41,"column":1}}},"2":{"name":"(anonymous_10)","decl":{"start":{"line":43,"column":22},"end":{"line":43,"column":23}},"loc":{"start":{"line":43,"column":44},"end":{"line":45,"column":1}}},"3":{"name":"(anonymous_11)","decl":{"start":{"line":44,"column":20},"end":{"line":44,"column":21}},"loc":{"start":{"line":44,"column":44},"end":{"line":44,"column":81}}},"4":{"name":"(anonymous_12)","decl":{"start":{"line":47,"column":15},"end":{"line":47,"column":22}},"loc":{"start":{"line":47,"column":65},"end":{"line":72,"column":2}}},"5":{"name":"(anonymous_13)","decl":{"start":{"line":47,"column":65},"end":{"line":47,"column":null}},"loc":{"start":{"line":47,"column":65},"end":{"line":72,"column":1}}},"6":{"name":"(anonymous_14)","decl":{"start":{"line":74,"column":16},"end":{"line":74,"column":null}},"loc":{"start":{"line":78,"column":22},"end":{"line":84,"column":2}}},"7":{"name":"(anonymous_15)","decl":{"start":{"line":78,"column":22},"end":{"line":78,"column":null}},"loc":{"start":{"line":77,"column":17},"end":{"line":84,"column":1}}},"8":{"name":"(anonymous_16)","decl":{"start":{"line":87,"column":22},"end":{"line":87,"column":null}},"loc":{"start":{"line":91,"column":22},"end":{"line":100,"column":2}}},"9":{"name":"(anonymous_17)","decl":{"start":{"line":91,"column":22},"end":{"line":91,"column":null}},"loc":{"start":{"line":90,"column":15},"end":{"line":100,"column":1}}},"10":{"name":"(anonymous_18)","decl":{"start":{"line":102,"column":16},"end":{"line":102,"column":23}},"loc":{"start":{"line":102,"column":60},"end":{"line":105,"column":2}}},"11":{"name":"(anonymous_19)","decl":{"start":{"line":102,"column":60},"end":{"line":102,"column":null}},"loc":{"start":{"line":102,"column":60},"end":{"line":105,"column":1}}},"12":{"name":"(anonymous_20)","decl":{"start":{"line":107,"column":15},"end":{"line":107,"column":22}},"loc":{"start":{"line":107,"column":59},"end":{"line":112,"column":2}}},"13":{"name":"(anonymous_21)","decl":{"start":{"line":107,"column":59},"end":{"line":107,"column":null}},"loc":{"start":{"line":107,"column":59},"end":{"line":112,"column":1}}}},"branchMap":{"0":{"loc":{"start":{"line":16,"column":1},"end":{"line":18,"column":5}},"type":"if","locations":[{"start":{"line":16,"column":1},"end":{"line":18,"column":5}}]},"1":{"loc":{"start":{"line":20,"column":1},"end":{"line":22,"column":2}},"type":"if","locations":[{"start":{"line":20,"column":1},"end":{"line":22,"column":2}}]},"2":{"loc":{"start":{"line":30,"column":1},"end":{"line":32,"column":2}},"type":"if","locations":[{"start":{"line":30,"column":1},"end":{"line":32,"column":2}}]},"3":{"loc":{"start":{"line":76,"column":1},"end":{"line":76,"column":19}},"type":"default-arg","locations":[{"start":{"line":76,"column":17},"end":{"line":76,"column":19}}]},"4":{"loc":{"start":{"line":77,"column":1},"end":{"line":77,"column":17}},"type":"default-arg","locations":[{"start":{"line":77,"column":16},"end":{"line":77,"column":17}}]},"5":{"loc":{"start":{"line":88,"column":1},"end":{"line":88,"column":19}},"type":"default-arg","locations":[{"start":{"line":88,"column":17},"end":{"line":88,"column":19}}]},"6":{"loc":{"start":{"line":89,"column":1},"end":{"line":89,"column":17}},"type":"default-arg","locations":[{"start":{"line":89,"column":16},"end":{"line":89,"column":17}}]}},"s":{"0":1,"1":1,"2":1,"3":1,"4":1,"5":1,"6":0,"7":0,"8":0,"9":0,"10":0,"11":0,"12":0,"13":0,"14":0,"15":1,"16":0,"17":0,"18":1,"19":1,"20":1,"21":1,"22":1,"23":0,"24":0,"25":0,"26":0,"27":0,"28":0,"29":1,"30":1,"31":1,"32":1,"33":1,"34":1,"35":1,"36":0,"37":0,"38":0,"39":0,"40":1,"41":1,"42":1,"43":1,"44":1,"45":1,"46":1,"47":1,"48":1,"49":1,"50":1},"f":{"0":1,"1":1,"2":0,"3":0,"4":1,"5":1,"6":1,"7":1,"8":0,"9":0,"10":1,"11":1,"12":1,"13":1},"b":{"0":[0],"1":[0],"2":[0],"3":[1],"4":[1],"5":[0],"6":[0]}}
,"/Users/user/Documents/Learn/Shopinizer/src/services/ProductsService.ts": {"path":"/Users/user/Documents/Learn/Shopinizer/src/services/ProductsService.ts","statementMap":{"0":{"start":{"line":1,"column":0},"end":{"line":1,"column":65}},"1":{"start":{"line":3,"column":15},"end":{"line":6,"column":2}},"2":{"start":{"line":3,"column":60},"end":{"line":6,"column":2}},"3":{"start":{"line":4,"column":17},"end":{"line":4,"column":52}},"4":{"start":{"line":5,"column":2},"end":{"line":5,"column":16}},"5":{"start":{"line":44,"column":2},"end":{"line":44,"column":8}},"6":{"start":{"line":14,"column":16},"end":{"line":21,"column":2}},"7":{"start":{"line":14,"column":95},"end":{"line":21,"column":2}},"8":{"start":{"line":15,"column":17},"end":{"line":19,"column":25}},"9":{"start":{"line":20,"column":2},"end":{"line":20,"column":16}},"10":{"start":{"line":45,"column":2},"end":{"line":45,"column":9}},"11":{"start":{"line":23,"column":16},"end":{"line":26,"column":2}},"12":{"start":{"line":23,"column":62},"end":{"line":26,"column":2}},"13":{"start":{"line":24,"column":17},"end":{"line":24,"column":49}},"14":{"start":{"line":25,"column":2},"end":{"line":25,"column":16}},"15":{"start":{"line":46,"column":2},"end":{"line":46,"column":9}},"16":{"start":{"line":28,"column":15},"end":{"line":33,"column":2}},"17":{"start":{"line":28,"column":79},"end":{"line":33,"column":2}},"18":{"start":{"line":29,"column":17},"end":{"line":31,"column":4}},"19":{"start":{"line":32,"column":2},"end":{"line":32,"column":16}},"20":{"start":{"line":47,"column":2},"end":{"line":47,"column":8}},"21":{"start":{"line":35,"column":15},"end":{"line":40,"column":2}},"22":{"start":{"line":35,"column":61},"end":{"line":40,"column":2}},"23":{"start":{"line":36,"column":17},"end":{"line":38,"column":4}},"24":{"start":{"line":39,"column":2},"end":{"line":39,"column":16}},"25":{"start":{"line":48,"column":2},"end":{"line":48,"column":8}}},"fnMap":{"0":{"name":"(anonymous_8)","decl":{"start":{"line":3,"column":15},"end":{"line":3,"column":22}},"loc":{"start":{"line":3,"column":60},"end":{"line":6,"column":2}}},"1":{"name":"(anonymous_9)","decl":{"start":{"line":3,"column":60},"end":{"line":3,"column":null}},"loc":{"start":{"line":3,"column":60},"end":{"line":6,"column":1}}},"2":{"name":"(anonymous_10)","decl":{"start":{"line":14,"column":16},"end":{"line":14,"column":23}},"loc":{"start":{"line":14,"column":95},"end":{"line":21,"column":2}}},"3":{"name":"(anonymous_11)","decl":{"start":{"line":14,"column":95},"end":{"line":14,"column":null}},"loc":{"start":{"line":14,"column":71},"end":{"line":21,"column":1}}},"4":{"name":"(anonymous_12)","decl":{"start":{"line":23,"column":16},"end":{"line":23,"column":23}},"loc":{"start":{"line":23,"column":62},"end":{"line":26,"column":2}}},"5":{"name":"(anonymous_13)","decl":{"start":{"line":23,"column":62},"end":{"line":23,"column":null}},"loc":{"start":{"line":23,"column":62},"end":{"line":26,"column":1}}},"6":{"name":"(anonymous_14)","decl":{"start":{"line":28,"column":15},"end":{"line":28,"column":22}},"loc":{"start":{"line":28,"column":79},"end":{"line":33,"column":2}}},"7":{"name":"(anonymous_15)","decl":{"start":{"line":28,"column":79},"end":{"line":28,"column":null}},"loc":{"start":{"line":28,"column":79},"end":{"line":33,"column":1}}},"8":{"name":"(anonymous_16)","decl":{"start":{"line":35,"column":15},"end":{"line":35,"column":22}},"loc":{"start":{"line":35,"column":61},"end":{"line":40,"column":2}}},"9":{"name":"(anonymous_17)","decl":{"start":{"line":35,"column":61},"end":{"line":35,"column":null}},"loc":{"start":{"line":35,"column":61},"end":{"line":40,"column":1}}}},"branchMap":{"0":{"loc":{"start":{"line":14,"column":35},"end":{"line":14,"column":53}},"type":"default-arg","locations":[{"start":{"line":14,"column":51},"end":{"line":14,"column":53}}]},"1":{"loc":{"start":{"line":14,"column":55},"end":{"line":14,"column":71}},"type":"default-arg","locations":[{"start":{"line":14,"column":70},"end":{"line":14,"column":71}}]}},"s":{"0":1,"1":1,"2":1,"3":1,"4":1,"5":1,"6":1,"7":1,"8":1,"9":1,"10":1,"11":1,"12":1,"13":1,"14":1,"15":1,"16":1,"17":1,"18":1,"19":1,"20":1,"21":1,"22":1,"23":1,"24":1,"25":1},"f":{"0":1,"1":1,"2":1,"3":1,"4":1,"5":1,"6":1,"7":1,"8":1,"9":1},"b":{"0":[1],"1":[1]}}
,"/Users/user/Documents/Learn/Shopinizer/src/utils/cloudinary.ts": {"path":"/Users/user/Documents/Learn/Shopinizer/src/utils/cloudinary.ts","statementMap":{"0":{"start":{"line":1,"column":0},"end":{"line":1,"column":46}},"1":{"start":{"line":2,"column":0},"end":{"line":2,"column":null}},"2":{"start":{"line":8,"column":0},"end":{"line":12,"column":3}},"3":{"start":{"line":14,"column":28},"end":{"line":30,"column":2}},"4":{"start":{"line":14,"column":51},"end":{"line":30,"column":2}},"5":{"start":{"line":15,"column":2},"end":{"line":29,"column":5}},"6":{"start":{"line":16,"column":4},"end":{"line":28,"column":6}},"7":{"start":{"line":22,"column":8},"end":{"line":26,"column":9}},"8":{"start":{"line":23,"column":10},"end":{"line":23,"column":24}},"9":{"start":{"line":25,"column":10},"end":{"line":25,"column":26}},"10":{"start":{"line":14,"column":13},"end":{"line":14,"column":28}},"11":{"start":{"line":32,"column":0},"end":{"line":32,"column":26}}},"fnMap":{"0":{"name":"(anonymous_7)","decl":{"start":{"line":14,"column":28},"end":{"line":14,"column":35}},"loc":{"start":{"line":14,"column":51},"end":{"line":30,"column":2}}},"1":{"name":"(anonymous_8)","decl":{"start":{"line":14,"column":51},"end":{"line":14,"column":null}},"loc":{"start":{"line":14,"column":51},"end":{"line":30,"column":1}}},"2":{"name":"(anonymous_9)","decl":{"start":{"line":15,"column":21},"end":{"line":15,"column":22}},"loc":{"start":{"line":15,"column":41},"end":{"line":29,"column":3}}},"3":{"name":"(anonymous_10)","decl":{"start":{"line":21,"column":6},"end":{"line":21,"column":7}},"loc":{"start":{"line":21,"column":24},"end":{"line":27,"column":7}}}},"branchMap":{"0":{"loc":{"start":{"line":22,"column":8},"end":{"line":26,"column":9}},"type":"if","locations":[{"start":{"line":22,"column":8},"end":{"line":26,"column":9}},{"start":{"line":24,"column":15},"end":{"line":26,"column":9}}]}},"s":{"0":0,"1":0,"2":0,"3":0,"4":0,"5":0,"6":0,"7":0,"8":0,"9":0,"10":0,"11":0},"f":{"0":0,"1":0,"2":0,"3":0},"b":{"0":[0,0]}}
,"/Users/user/Documents/Learn/Shopinizer/src/utils/database.ts": {"path":"/Users/user/Documents/Learn/Shopinizer/src/utils/database.ts","statementMap":{"0":{"start":{"line":4,"column":0},"end":{"line":4,"column":32}},"1":{"start":{"line":5,"column":0},"end":{"line":5,"column":37}},"2":{"start":{"line":7,"column":16},"end":{"line":17,"column":2}},"3":{"start":{"line":7,"column":27},"end":{"line":17,"column":2}},"4":{"start":{"line":8,"column":2},"end":{"line":16,"column":3}},"5":{"start":{"line":9,"column":4},"end":{"line":11,"column":7}},"6":{"start":{"line":12,"column":4},"end":{"line":12,"column":38}},"7":{"start":{"line":13,"column":4},"end":{"line":13,"column":32}},"8":{"start":{"line":15,"column":4},"end":{"line":15,"column":17}},"9":{"start":{"line":19,"column":0},"end":{"line":19,"column":23}}},"fnMap":{"0":{"name":"(anonymous_8)","decl":{"start":{"line":7,"column":16},"end":{"line":7,"column":25}},"loc":{"start":{"line":7,"column":27},"end":{"line":17,"column":2}}},"1":{"name":"(anonymous_9)","decl":{"start":{"line":7,"column":27},"end":{"line":7,"column":null}},"loc":{"start":{"line":7,"column":27},"end":{"line":17,"column":1}}}},"branchMap":{},"s":{"0":0,"1":0,"2":0,"3":0,"4":0,"5":0,"6":0,"7":0,"8":0,"9":0},"f":{"0":0,"1":0},"b":{}}
,"/Users/user/Documents/Learn/Shopinizer/src/utils/encode.ts": {"path":"/Users/user/Documents/Learn/Shopinizer/src/utils/encode.ts","statementMap":{"0":{"start":{"line":1,"column":25},"end":{"line":5,"column":1}},"1":{"start":{"line":2,"column":14},"end":{"line":2,"column":57}},"2":{"start":{"line":3,"column":16},"end":{"line":3,"column":58}},"3":{"start":{"line":4,"column":2},"end":{"line":4,"column":17}},"4":{"start":{"line":1,"column":13},"end":{"line":1,"column":25}}},"fnMap":{"0":{"name":"(anonymous_0)","decl":{"start":{"line":1,"column":25},"end":{"line":1,"column":26}},"loc":{"start":{"line":1,"column":55},"end":{"line":5,"column":1}}}},"branchMap":{},"s":{"0":0,"1":0,"2":0,"3":0,"4":0},"f":{"0":0},"b":{}}
,"/Users/user/Documents/Learn/Shopinizer/src/utils/encryption.ts": {"path":"/Users/user/Documents/Learn/Shopinizer/src/utils/encryption.ts","statementMap":{"0":{"start":{"line":1,"column":0},"end":{"line":1,"column":28}},"1":{"start":{"line":3,"column":15},"end":{"line":3,"column":45}},"2":{"start":{"line":5,"column":23},"end":{"line":10,"column":1}},"3":{"start":{"line":6,"column":19},"end":{"line":8,"column":18}},"4":{"start":{"line":9,"column":1},"end":{"line":9,"column":18}},"5":{"start":{"line":5,"column":13},"end":{"line":5,"column":23}}},"fnMap":{"0":{"name":"(anonymous_1)","decl":{"start":{"line":5,"column":23},"end":{"line":5,"column":24}},"loc":{"start":{"line":5,"column":52},"end":{"line":10,"column":1}}}},"branchMap":{"0":{"loc":{"start":{"line":3,"column":15},"end":{"line":3,"column":45}},"type":"binary-expr","locations":[{"start":{"line":3,"column":15},"end":{"line":3,"column":33}},{"start":{"line":3,"column":37},"end":{"line":3,"column":45}}]}},"s":{"0":2,"1":2,"2":2,"3":0,"4":0,"5":2},"f":{"0":0},"b":{"0":[2,2]}}
,"/Users/user/Documents/Learn/Shopinizer/src/utils/env.ts": {"path":"/Users/user/Documents/Learn/Shopinizer/src/utils/env.ts","statementMap":{"0":{"start":{"line":1,"column":0},"end":{"line":1,"column":28}},"1":{"start":{"line":3,"column":0},"end":{"line":3,"column":16}},"2":{"start":{"line":5,"column":13},"end":{"line":5,"column":79}},"3":{"start":{"line":6,"column":13},"end":{"line":7,"column":42}},"4":{"start":{"line":8,"column":13},"end":{"line":9,"column":42}},"5":{"start":{"line":10,"column":13},"end":{"line":10,"column":67}}},"fnMap":{},"branchMap":{"0":{"loc":{"start":{"line":5,"column":42},"end":{"line":5,"column":78}},"type":"binary-expr","locations":[{"start":{"line":5,"column":42},"end":{"line":5,"column":72}},{"start":{"line":5,"column":76},"end":{"line":5,"column":78}}]},"1":{"loc":{"start":{"line":7,"column":2},"end":{"line":7,"column":41}},"type":"binary-expr","locations":[{"start":{"line":7,"column":2},"end":{"line":7,"column":35}},{"start":{"line":7,"column":39},"end":{"line":7,"column":41}}]},"2":{"loc":{"start":{"line":9,"column":2},"end":{"line":9,"column":41}},"type":"binary-expr","locations":[{"start":{"line":9,"column":2},"end":{"line":9,"column":35}},{"start":{"line":9,"column":39},"end":{"line":9,"column":41}}]},"3":{"loc":{"start":{"line":10,"column":36},"end":{"line":10,"column":66}},"type":"binary-expr","locations":[{"start":{"line":10,"column":36},"end":{"line":10,"column":60}},{"start":{"line":10,"column":64},"end":{"line":10,"column":66}}]}},"s":{"0":0,"1":0,"2":0,"3":0,"4":0,"5":0},"f":{},"b":{"0":[0,0],"1":[0,0],"2":[0,0],"3":[0,0]}}
,"/Users/user/Documents/Learn/Shopinizer/src/utils/jwt.ts": {"path":"/Users/user/Documents/Learn/Shopinizer/src/utils/jwt.ts","statementMap":{"0":{"start":{"line":3,"column":0},"end":{"line":3,"column":31}},"1":{"start":{"line":5,"column":15},"end":{"line":5,"column":45}},"2":{"start":{"line":21,"column":29},"end":{"line":26,"column":1}},"3":{"start":{"line":22,"column":15},"end":{"line":24,"column":3}},"4":{"start":{"line":25,"column":1},"end":{"line":25,"column":14}},"5":{"start":{"line":21,"column":13},"end":{"line":21,"column":29}},"6":{"start":{"line":28,"column":27},"end":{"line":31,"column":1}},"7":{"start":{"line":29,"column":14},"end":{"line":29,"column":53}},"8":{"start":{"line":30,"column":1},"end":{"line":30,"column":13}},"9":{"start":{"line":28,"column":13},"end":{"line":28,"column":27}}},"fnMap":{"0":{"name":"(anonymous_1)","decl":{"start":{"line":21,"column":29},"end":{"line":21,"column":30}},"loc":{"start":{"line":21,"column":58},"end":{"line":26,"column":1}}},"1":{"name":"(anonymous_2)","decl":{"start":{"line":28,"column":27},"end":{"line":28,"column":28}},"loc":{"start":{"line":28,"column":45},"end":{"line":31,"column":1}}}},"branchMap":{"0":{"loc":{"start":{"line":5,"column":15},"end":{"line":5,"column":45}},"type":"binary-expr","locations":[{"start":{"line":5,"column":15},"end":{"line":5,"column":33}},{"start":{"line":5,"column":37},"end":{"line":5,"column":45}}]}},"s":{"0":0,"1":0,"2":0,"3":0,"4":0,"5":0,"6":0,"7":0,"8":0,"9":0},"f":{"0":0,"1":0},"b":{"0":[0,0]}}
,"/Users/user/Documents/Learn/Shopinizer/src/utils/mail/index.ts": {"path":"/Users/user/Documents/Learn/Shopinizer/src/utils/mail/index.ts","statementMap":{"0":{"start":{"line":1,"column":0},"end":{"line":1,"column":9}},"1":{"start":{"line":1,"column":9},"end":{"line":1,"column":33}}},"fnMap":{"0":{"name":"(anonymous_1)","decl":{"start":{"line":1,"column":9},"end":{"line":1,"column":16}},"loc":{"start":{"line":1,"column":9},"end":{"line":1,"column":33}}}},"branchMap":{},"s":{"0":1,"1":1},"f":{"0":0},"b":{}}
,"/Users/user/Documents/Learn/Shopinizer/src/utils/mail/mail.ts": {"path":"/Users/user/Documents/Learn/Shopinizer/src/utils/mail/mail.ts","statementMap":{"0":{"start":{"line":1,"column":0},"end":{"line":1,"column":36}},"1":{"start":{"line":2,"column":0},"end":{"line":2,"column":22}},"2":{"start":{"line":3,"column":0},"end":{"line":3,"column":24}},"3":{"start":{"line":5,"column":18},"end":{"line":5,"column":40}},"4":{"start":{"line":6,"column":17},"end":{"line":6,"column":42}},"5":{"start":{"line":8,"column":20},"end":{"line":18,"column":2}},"6":{"start":{"line":20,"column":13},"end":{"line":39,"column":2}},"7":{"start":{"line":28,"column":5},"end":{"line":39,"column":2}},"8":{"start":{"line":29,"column":17},"end":{"line":34,"column":4}},"9":{"start":{"line":36,"column":2},"end":{"line":36,"column":38}},"10":{"start":{"line":38,"column":2},"end":{"line":38,"column":16}},"11":{"start":{"line":41,"column":15},"end":{"line":48,"column":2}},"12":{"start":{"line":41,"column":53},"end":{"line":48,"column":2}},"13":{"start":{"line":42,"column":18},"end":{"line":44,"column":null}},"14":{"start":{"line":47,"column":2},"end":{"line":47,"column":27}},"15":{"start":{"line":50,"column":0},"end":{"line":53,"column":null}}},"fnMap":{"0":{"name":"(anonymous_8)","decl":{"start":{"line":20,"column":13},"end":{"line":20,"column":20}},"loc":{"start":{"line":28,"column":5},"end":{"line":39,"column":2}}},"1":{"name":"(anonymous_9)","decl":{"start":{"line":28,"column":5},"end":{"line":28,"column":null}},"loc":{"start":{"line":28,"column":1},"end":{"line":39,"column":1}}},"2":{"name":"(anonymous_10)","decl":{"start":{"line":41,"column":15},"end":{"line":41,"column":22}},"loc":{"start":{"line":41,"column":53},"end":{"line":48,"column":2}}},"3":{"name":"(anonymous_11)","decl":{"start":{"line":41,"column":53},"end":{"line":41,"column":null}},"loc":{"start":{"line":41,"column":53},"end":{"line":48,"column":1}}}},"branchMap":{},"s":{"0":1,"1":1,"2":1,"3":1,"4":1,"5":1,"6":1,"7":0,"8":0,"9":0,"10":0,"11":1,"12":0,"13":0,"14":0,"15":1},"f":{"0":0,"1":0,"2":0,"3":0},"b":{}}
}
