TN:
SF:src/index.ts
FN:10,init
FN:22,(anonymous_10)
FNF:2
FNH:0
FNDA:0,init
FNDA:0,(anonymous_10)
DA:1,0
DA:2,0
DA:3,0
DA:4,0
DA:5,0
DA:8,0
DA:11,0
DA:12,0
DA:14,0
DA:16,0
DA:17,0
DA:19,0
DA:20,0
DA:22,0
DA:23,0
DA:26,0
DA:30,0
LF:17
LH:0
BRF:0
BRH:0
end_of_record
TN:
SF:src/controllers/AuthController.ts
FN:39,(anonymous_14)
FN:66,(anonymous_16)
FN:116,(anonymous_18)
FN:145,(anonymous_20)
FNF:4
FNH:0
FNDA:0,(anonymous_14)
FNDA:0,(anonymous_16)
FNDA:0,(anonymous_18)
FNDA:0,(anonymous_20)
DA:3,0
DA:6,0
DA:7,0
DA:10,0
DA:22,0
DA:38,0
DA:49,0
DA:50,0
DA:51,0
DA:52,0
DA:53,0
DA:58,0
DA:59,0
DA:76,0
DA:84,0
DA:86,0
DA:95,0
DA:103,0
DA:108,0
DA:109,0
DA:123,0
DA:124,0
DA:125,0
DA:126,0
DA:127,0
DA:133,0
DA:138,0
DA:139,0
DA:157,0
DA:158,0
DA:159,0
DA:163,0
DA:168,0
DA:169,0
DA:176,0
LF:35
LH:0
BRDA:124,0,0,0
BRDA:124,0,1,0
BRDA:124,1,0,0
BRDA:124,1,1,0
BRDA:126,2,0,0
BRDA:158,3,0,0
BRDA:158,3,1,0
BRDA:158,4,0,0
BRDA:158,4,1,0
BRF:9
BRH:0
end_of_record
TN:
SF:src/controllers/CategoriesController.ts
FN:13,(anonymous_7)
FN:29,(anonymous_9)
FN:61,(anonymous_11)
FN:85,(anonymous_13)
FN:103,(anonymous_15)
FNF:5
FNH:0
FNDA:0,(anonymous_7)
FNDA:0,(anonymous_9)
FNDA:0,(anonymous_11)
FNDA:0,(anonymous_13)
FNDA:0,(anonymous_15)
DA:2,0
DA:11,0
DA:14,0
DA:15,0
DA:16,0
DA:21,0
DA:22,0
DA:30,0
DA:35,0
DA:37,0
DA:39,0
DA:40,0
DA:45,0
DA:47,0
DA:53,0
DA:54,0
DA:62,0
DA:63,0
DA:65,0
DA:66,0
DA:71,0
DA:77,0
DA:78,0
DA:86,0
DA:87,0
DA:89,0
DA:95,0
DA:96,0
DA:104,0
DA:105,0
DA:107,0
DA:113,0
DA:114,0
LF:33
LH:0
BRDA:32,0,0,0
BRDA:33,1,0,0
BRDA:39,2,0,0
BRDA:63,3,0,0
BRDA:63,3,1,0
BRDA:63,4,0,0
BRDA:63,4,1,0
BRDA:65,5,0,0
BRDA:87,6,0,0
BRDA:87,6,1,0
BRDA:87,7,0,0
BRDA:87,7,1,0
BRDA:105,8,0,0
BRDA:105,8,1,0
BRDA:105,9,0,0
BRDA:105,9,1,0
BRF:16
BRH:0
end_of_record
TN:
SF:src/controllers/OrderController.ts
FN:14,(anonymous_13)
FN:32,(anonymous_15)
FN:61,(anonymous_17)
FN:84,(anonymous_19)
FN:101,(anonymous_21)
FNF:5
FNH:0
FNDA:0,(anonymous_13)
FNDA:0,(anonymous_15)
FNDA:0,(anonymous_17)
FNDA:0,(anonymous_19)
FNDA:0,(anonymous_21)
DA:3,0
DA:11,0
DA:13,0
DA:15,0
DA:16,0
DA:17,0
DA:18,0
DA:19,0
DA:24,0
DA:25,0
DA:33,0
DA:38,0
DA:40,0
DA:42,0
DA:43,0
DA:47,0
DA:48,0
DA:53,0
DA:54,0
DA:62,0
DA:63,0
DA:68,0
DA:70,0
DA:71,0
DA:76,0
DA:77,0
DA:85,0
DA:86,0
DA:88,0
DA:93,0
DA:94,0
DA:102,0
DA:103,0
DA:105,0
DA:110,0
DA:111,0
DA:120,0
LF:37
LH:0
BRDA:35,0,0,0
BRDA:36,1,0,0
BRDA:42,2,0,0
BRDA:65,3,0,0
BRDA:66,4,0,0
BRDA:86,5,0,0
BRDA:86,5,1,0
BRDA:86,6,0,0
BRDA:86,6,1,0
BRDA:103,7,0,0
BRDA:103,7,1,0
BRDA:103,8,0,0
BRDA:103,8,1,0
BRF:13
BRH:0
end_of_record
TN:
SF:src/controllers/ProductsController.ts
FN:15,(anonymous_13)
FN:45,(anonymous_15)
FN:77,(anonymous_17)
FN:97,(anonymous_19)
FN:126,(anonymous_21)
FNF:5
FNH:0
FNDA:0,(anonymous_13)
FNDA:0,(anonymous_15)
FNDA:0,(anonymous_17)
FNDA:0,(anonymous_19)
FNDA:0,(anonymous_21)
DA:3,0
DA:11,0
DA:13,0
DA:29,0
DA:30,0
DA:31,0
DA:32,0
DA:37,0
DA:38,0
DA:49,0
DA:54,0
DA:56,0
DA:58,0
DA:59,0
DA:63,0
DA:64,0
DA:69,0
DA:70,0
DA:81,0
DA:82,0
DA:84,0
DA:89,0
DA:90,0
DA:110,0
DA:111,0
DA:113,0
DA:118,0
DA:119,0
DA:133,0
DA:134,0
DA:136,0
DA:141,0
DA:142,0
DA:150,0
LF:34
LH:0
BRDA:51,0,0,0
BRDA:52,1,0,0
BRDA:58,2,0,0
BRDA:82,3,0,0
BRDA:82,3,1,0
BRDA:82,4,0,0
BRDA:82,4,1,0
BRDA:111,5,0,0
BRDA:111,5,1,0
BRDA:111,6,0,0
BRDA:111,6,1,0
BRDA:134,7,0,0
BRDA:134,7,1,0
BRDA:134,8,0,0
BRDA:134,8,1,0
BRF:15
BRH:0
end_of_record
TN:
SF:src/controllers/UploadController.ts
FN:7,(anonymous_7)
FN:50,(anonymous_9)
FN:85,(anonymous_11)
FNF:3
FNH:0
FNDA:0,(anonymous_7)
FNDA:0,(anonymous_9)
FNDA:0,(anonymous_11)
DA:2,0
DA:3,0
DA:5,0
DA:31,0
DA:32,0
DA:37,0
DA:39,0
DA:40,0
DA:41,0
DA:43,0
DA:44,0
DA:76,0
DA:77,0
DA:82,0
DA:84,0
DA:85,0
DA:88,0
DA:89,0
DA:90,0
DA:92,0
DA:93,0
DA:98,0
LF:22
LH:0
BRDA:31,0,0,0
BRDA:31,1,0,0
BRDA:31,1,1,0
BRDA:31,2,0,0
BRDA:31,2,1,0
BRDA:76,3,0,0
BRDA:76,4,0,0
BRDA:76,4,1,0
BRDA:76,5,0,0
BRDA:76,5,1,0
BRDA:76,6,0,0
BRDA:76,6,1,0
BRDA:84,7,0,0
BRDA:84,7,1,0
BRDA:84,8,0,0
BRDA:84,8,1,0
BRF:16
BRH:0
end_of_record
TN:
SF:src/docs/route.ts
FN:7,docs
FNF:1
FNH:0
FNDA:0,docs
DA:2,0
DA:3,0
DA:4,0
DA:5,0
DA:7,0
DA:8,0
DA:16,0
LF:7
LH:0
BRF:0
BRH:0
end_of_record
TN:
SF:src/docs/swagger.ts
FNF:0
FNH:0
DA:1,0
DA:3,0
DA:45,0
DA:46,0
DA:48,0
LF:5
LH:0
BRF:0
BRH:0
end_of_record
TN:
SF:src/middlewares/AuthMiddleware.ts
FN:8,(anonymous_0)
FNF:1
FNH:0
FNDA:0,(anonymous_0)
DA:2,0
DA:8,0
DA:9,0
DA:11,0
DA:12,0
DA:18,0
DA:20,0
DA:21,0
DA:27,0
DA:29,0
DA:30,0
DA:36,0
DA:38,0
LF:13
LH:0
BRDA:9,0,0,0
BRDA:9,0,1,0
BRDA:9,1,0,0
BRDA:9,1,1,0
BRDA:11,2,0,0
BRDA:20,3,0,0
BRDA:20,4,0,0
BRDA:20,4,1,0
BRDA:29,5,0,0
BRF:9
BRH:0
end_of_record
TN:
SF:src/middlewares/RbacMiddleware.ts
FN:4,(anonymous_0)
FN:5,(anonymous_1)
FN:10,(anonymous_2)
FNF:3
FNH:0
FNDA:0,(anonymous_0)
FNDA:0,(anonymous_1)
FNDA:0,(anonymous_2)
DA:4,0
DA:5,0
DA:6,0
DA:7,0
DA:8,0
DA:10,0
DA:12,0
DA:17,0
LF:8
LH:0
BRDA:6,0,0,0
BRDA:6,0,1,0
BRDA:6,1,0,0
BRDA:6,1,1,0
BRDA:8,2,0,0
BRDA:9,3,0,0
BRDA:9,3,1,0
BRF:7
BRH:0
end_of_record
TN:
SF:src/middlewares/Upload.ts
FNF:0
FNH:0
DA:1,0
DA:3,0
DA:5,0
DA:12,0
DA:13,0
DA:15,0
LF:6
LH:0
BRF:0
BRH:0
end_of_record
TN:
SF:src/models/CategoriesModel.ts
FNF:0
FNH:0
DA:1,1
DA:11,1
DA:13,1
DA:29,1
DA:31,1
LF:5
LH:5
BRF:0
BRH:0
end_of_record
TN:
SF:src/models/OrderModel.ts
FN:69,(anonymous_8)
FNF:1
FNH:0
FNDA:0,(anonymous_8)
DA:1,1
DA:2,1
DA:3,1
DA:22,1
DA:23,1
DA:25,1
DA:69,1
DA:70,0
DA:71,0
DA:73,0
DA:74,0
DA:77,0
DA:86,0
DA:92,0
DA:96,1
DA:98,1
LF:16
LH:9
BRDA:73,0,0,0
BRDA:78,1,0,0
BRDA:78,1,1,0
BRDA:78,2,0,0
BRDA:78,2,1,0
BRF:5
BRH:0
end_of_record
TN:
SF:src/models/ProductsModel.ts
FN:55,(anonymous_1)
FNF:1
FNH:0
FNDA:0,(anonymous_1)
DA:1,2
DA:16,2
DA:18,2
DA:55,2
DA:56,0
DA:58,0
DA:59,0
DA:62,0
DA:65,2
DA:67,2
LF:10
LH:6
BRDA:58,0,0,0
BRF:1
BRH:0
end_of_record
TN:
SF:src/models/UserModel.ts
FN:51,(anonymous_8)
FN:57,(anonymous_9)
FN:63,(anonymous_11)
FNF:3
FNH:0
FNDA:0,(anonymous_8)
FNDA:0,(anonymous_9)
FNDA:0,(anonymous_11)
DA:1,2
DA:2,2
DA:14,2
DA:16,2
DA:51,2
DA:52,0
DA:53,0
DA:54,0
DA:57,2
DA:58,0
DA:59,0
DA:60,0
DA:63,2
DA:64,0
DA:65,0
DA:66,0
DA:69,2
DA:71,2
LF:18
LH:9
BRF:0
BRH:0
end_of_record
TN:
SF:src/routes/api.ts
FNF:0
FNH:0
DA:1,0
DA:3,0
DA:4,0
DA:5,0
DA:6,0
DA:7,0
DA:9,0
DA:10,0
DA:11,0
DA:13,0
DA:15,0
DA:16,0
DA:17,0
DA:18,0
DA:20,0
DA:21,0
DA:22,0
DA:23,0
DA:24,0
DA:26,0
DA:27,0
DA:28,0
DA:29,0
DA:30,0
DA:32,0
DA:33,0
DA:34,0
DA:35,0
DA:36,0
DA:38,0
DA:39,0
DA:41,0
LF:32
LH:0
BRF:0
BRH:0
end_of_record
TN:
SF:src/services/AuthService.ts
FN:11,(anonymous_8)
FN:11,(anonymous_9)
FN:42,(anonymous_10)
FN:42,(anonymous_11)
FN:55,(anonymous_12)
FN:55,(anonymous_13)
FN:62,(anonymous_14)
FN:62,(anonymous_15)
FNF:8
FNH:0
FNDA:0,(anonymous_8)
FNDA:0,(anonymous_9)
FNDA:0,(anonymous_10)
FNDA:0,(anonymous_11)
FNDA:0,(anonymous_12)
FNDA:0,(anonymous_13)
FNDA:0,(anonymous_14)
FNDA:0,(anonymous_15)
DA:2,0
DA:3,0
DA:4,0
DA:11,0
DA:12,0
DA:13,0
DA:17,0
DA:18,0
DA:21,0
DA:23,0
DA:24,0
DA:27,0
DA:32,0
DA:42,0
DA:43,0
DA:44,0
DA:52,0
DA:55,0
DA:56,0
DA:57,0
DA:58,0
DA:60,0
DA:62,0
DA:63,0
DA:72,0
DA:73,0
DA:75,0
LF:27
LH:0
BRDA:17,0,0,0
BRDA:23,1,0,0
BRDA:57,2,0,0
BRDA:72,3,0,0
BRF:4
BRH:0
end_of_record
TN:
SF:src/services/CategoriesService.ts
FN:3,(anonymous_8)
FN:3,(anonymous_9)
FN:8,(anonymous_10)
FN:8,(anonymous_11)
FN:16,(anonymous_12)
FN:16,(anonymous_13)
FN:21,(anonymous_14)
FN:21,(anonymous_15)
FN:26,(anonymous_16)
FN:26,(anonymous_17)
FNF:10
FNH:10
FNDA:1,(anonymous_8)
FNDA:1,(anonymous_9)
FNDA:1,(anonymous_10)
FNDA:1,(anonymous_11)
FNDA:1,(anonymous_12)
FNDA:1,(anonymous_13)
FNDA:1,(anonymous_14)
FNDA:1,(anonymous_15)
FNDA:1,(anonymous_16)
FNDA:1,(anonymous_17)
DA:1,1
DA:3,1
DA:4,1
DA:5,1
DA:8,1
DA:9,1
DA:13,1
DA:16,1
DA:17,1
DA:18,1
DA:21,1
DA:22,1
DA:23,1
DA:26,1
DA:27,1
DA:28,1
DA:32,1
DA:33,1
DA:34,1
DA:35,1
DA:36,1
LF:21
LH:21
BRDA:8,0,0,1
BRDA:8,1,0,1
BRF:2
BRH:2
end_of_record
TN:
SF:src/services/OrderService.ts
FN:13,(anonymous_8)
FN:13,(anonymous_9)
FN:43,(anonymous_10)
FN:44,(anonymous_11)
FN:47,(anonymous_12)
FN:47,(anonymous_13)
FN:74,(anonymous_14)
FN:78,(anonymous_15)
FN:87,(anonymous_16)
FN:91,(anonymous_17)
FN:102,(anonymous_18)
FN:102,(anonymous_19)
FN:107,(anonymous_20)
FN:107,(anonymous_21)
FNF:14
FNH:10
FNDA:1,(anonymous_8)
FNDA:1,(anonymous_9)
FNDA:0,(anonymous_10)
FNDA:0,(anonymous_11)
FNDA:1,(anonymous_12)
FNDA:1,(anonymous_13)
FNDA:1,(anonymous_14)
FNDA:1,(anonymous_15)
FNDA:0,(anonymous_16)
FNDA:0,(anonymous_17)
FNDA:1,(anonymous_18)
FNDA:1,(anonymous_19)
FNDA:1,(anonymous_20)
FNDA:1,(anonymous_21)
DA:3,1
DA:4,1
DA:5,1
DA:13,1
DA:14,1
DA:16,0
DA:17,0
DA:20,0
DA:21,0
DA:24,0
DA:30,0
DA:31,0
DA:34,0
DA:40,0
DA:43,1
DA:44,0
DA:47,1
DA:48,1
DA:50,1
DA:51,1
DA:52,0
DA:58,0
DA:61,0
DA:63,0
DA:70,0
DA:71,0
DA:74,1
DA:78,1
DA:79,1
DA:83,1
DA:87,1
DA:91,0
DA:93,0
DA:95,0
DA:99,0
DA:102,1
DA:103,1
DA:104,1
DA:107,1
DA:108,1
DA:111,1
DA:114,1
LF:42
LH:22
BRDA:16,0,0,0
BRDA:20,1,0,0
BRDA:30,2,0,0
BRDA:76,3,0,1
BRDA:77,4,0,1
BRDA:88,5,0,0
BRDA:89,6,0,0
BRF:7
BRH:2
end_of_record
TN:
SF:src/services/ProductsService.ts
FN:3,(anonymous_8)
FN:3,(anonymous_9)
FN:14,(anonymous_10)
FN:14,(anonymous_11)
FN:23,(anonymous_12)
FN:23,(anonymous_13)
FN:28,(anonymous_14)
FN:28,(anonymous_15)
FN:35,(anonymous_16)
FN:35,(anonymous_17)
FNF:10
FNH:10
FNDA:1,(anonymous_8)
FNDA:1,(anonymous_9)
FNDA:1,(anonymous_10)
FNDA:1,(anonymous_11)
FNDA:1,(anonymous_12)
FNDA:1,(anonymous_13)
FNDA:1,(anonymous_14)
FNDA:1,(anonymous_15)
FNDA:1,(anonymous_16)
FNDA:1,(anonymous_17)
DA:1,1
DA:3,1
DA:4,1
DA:5,1
DA:14,1
DA:15,1
DA:20,1
DA:23,1
DA:24,1
DA:25,1
DA:28,1
DA:29,1
DA:32,1
DA:35,1
DA:36,1
DA:39,1
DA:44,1
DA:45,1
DA:46,1
DA:47,1
DA:48,1
LF:21
LH:21
BRDA:14,0,0,1
BRDA:14,1,0,1
BRF:2
BRH:2
end_of_record
TN:
SF:src/utils/cloudinary.ts
FN:14,(anonymous_7)
FN:14,(anonymous_8)
FN:15,(anonymous_9)
FN:21,(anonymous_10)
FNF:4
FNH:0
FNDA:0,(anonymous_7)
FNDA:0,(anonymous_8)
FNDA:0,(anonymous_9)
FNDA:0,(anonymous_10)
DA:1,0
DA:2,0
DA:8,0
DA:14,0
DA:15,0
DA:16,0
DA:22,0
DA:23,0
DA:25,0
DA:32,0
LF:10
LH:0
BRDA:22,0,0,0
BRDA:22,0,1,0
BRF:2
BRH:0
end_of_record
TN:
SF:src/utils/database.ts
FN:7,(anonymous_8)
FN:7,(anonymous_9)
FNF:2
FNH:0
FNDA:0,(anonymous_8)
FNDA:0,(anonymous_9)
DA:4,0
DA:5,0
DA:7,0
DA:8,0
DA:9,0
DA:12,0
DA:13,0
DA:15,0
DA:19,0
LF:9
LH:0
BRF:0
BRH:0
end_of_record
TN:
SF:src/utils/encode.ts
FN:1,(anonymous_0)
FNF:1
FNH:0
FNDA:0,(anonymous_0)
DA:1,0
DA:2,0
DA:3,0
DA:4,0
LF:4
LH:0
BRF:0
BRH:0
end_of_record
TN:
SF:src/utils/encryption.ts
FN:5,(anonymous_1)
FNF:1
FNH:0
FNDA:0,(anonymous_1)
DA:1,2
DA:3,2
DA:5,2
DA:6,0
DA:9,0
LF:5
LH:3
BRDA:3,0,0,2
BRDA:3,0,1,2
BRF:2
BRH:2
end_of_record
TN:
SF:src/utils/env.ts
FNF:0
FNH:0
DA:1,0
DA:3,0
DA:5,0
DA:6,0
DA:8,0
DA:10,0
LF:6
LH:0
BRDA:5,0,0,0
BRDA:5,0,1,0
BRDA:7,1,0,0
BRDA:7,1,1,0
BRDA:9,2,0,0
BRDA:9,2,1,0
BRDA:10,3,0,0
BRDA:10,3,1,0
BRF:8
BRH:0
end_of_record
TN:
SF:src/utils/jwt.ts
FN:21,(anonymous_1)
FN:28,(anonymous_2)
FNF:2
FNH:0
FNDA:0,(anonymous_1)
FNDA:0,(anonymous_2)
DA:3,0
DA:5,0
DA:21,0
DA:22,0
DA:25,0
DA:28,0
DA:29,0
DA:30,0
LF:8
LH:0
BRDA:5,0,0,0
BRDA:5,0,1,0
BRF:2
BRH:0
end_of_record
TN:
SF:src/utils/mail/index.ts
FN:1,(anonymous_1)
FNF:1
FNH:0
FNDA:0,(anonymous_1)
DA:1,1
LF:1
LH:1
BRF:0
BRH:0
end_of_record
TN:
SF:src/utils/mail/mail.ts
FN:20,(anonymous_8)
FN:28,(anonymous_9)
FN:41,(anonymous_10)
FN:41,(anonymous_11)
FNF:4
FNH:0
FNDA:0,(anonymous_8)
FNDA:0,(anonymous_9)
FNDA:0,(anonymous_10)
FNDA:0,(anonymous_11)
DA:1,1
DA:2,1
DA:3,1
DA:5,1
DA:6,1
DA:8,1
DA:20,1
DA:28,0
DA:29,0
DA:36,0
DA:38,0
DA:41,1
DA:42,0
DA:47,0
DA:50,1
LF:15
LH:9
BRF:0
BRH:0
end_of_record
